2011-09-21 14:01:19 Notice: Notice (1024): Please change the value of 'Security.salt' in app/config/core.php to a salt value specific to your application in [/var/www/cake/cake/libs/debugger.php, line 694]
2011-09-21 14:01:19 Notice: Notice (1024): Please change the value of 'Security.cipherSeed' in app/config/core.php to a numeric (digits only) seed value specific to your application in [/var/www/cake/cake/libs/debugger.php, line 698]
2011-09-21 17:53:01 Notice: Notice (8): Undefined variable: posts in [/var/www/cake/app/views/subscriptions/index.ctp, line 2]
2011-09-21 17:57:05 Notice: Notice (8): Undefined index:  title in [/var/www/cake/app/views/subscriptions/index.ctp, line 10]
2011-09-21 17:57:12 Notice: Notice (8): Undefined index:  id in [/var/www/cake/app/views/subscriptions/index.ctp, line 10]
2011-09-21 17:58:50 Notice: Notice (8): Undefined index:  id in [/var/www/cake/app/views/subscriptions/index.ctp, line 14]
2011-09-23 19:17:06 Notice: Notice (8): Undefined property:  App::$Model in [/var/www/cake/app/app_controller.php, line 12]
2011-09-23 19:17:07 Notice: Notice (8): Undefined property:  App::$Model in [/var/www/cake/app/app_controller.php, line 12]
2011-09-23 19:17:08 Notice: Notice (8): Undefined property:  App::$Model in [/var/www/cake/app/app_controller.php, line 12]
2011-09-23 19:17:25 Notice: Notice (8): Undefined property:  App::$Model in [/var/www/cake/app/app_controller.php, line 12]
2011-09-23 19:17:26 Notice: Notice (8): Undefined property:  App::$Model in [/var/www/cake/app/app_controller.php, line 12]
2011-09-23 19:17:34 Notice: Notice (8): Undefined property:  App::$Model in [/var/www/cake/app/app_controller.php, line 12]
2011-09-23 19:17:35 Notice: Notice (8): Undefined property:  App::$Model in [/var/www/cake/app/app_controller.php, line 12]
2011-09-23 20:08:27 Notice: Notice (8): Undefined property:  SubscriptionsController::$Sesison in [/var/www/cake/app/controllers/subscriptions_controller.php, line 25]
2011-09-23 20:08:42 Notice: Notice (8): Undefined property:  SubscriptionsController::$Session in [/var/www/cake/app/controllers/subscriptions_controller.php, line 25]
2011-09-23 20:08:43 Notice: Notice (8): Undefined property:  SubscriptionsController::$Session in [/var/www/cake/app/controllers/subscriptions_controller.php, line 25]
2011-09-23 20:09:01 Notice: Notice (8): Undefined variable: session in [/var/www/cake/app/controllers/subscriptions_controller.php, line 25]
2011-09-23 20:09:23 Notice: Notice (8): Undefined variable: session in [/var/www/cake/app/controllers/subscriptions_controller.php, line 25]
2011-09-23 20:09:24 Notice: Notice (8): Undefined variable: session in [/var/www/cake/app/controllers/subscriptions_controller.php, line 25]
2011-09-23 20:09:27 Notice: Notice (8): Undefined variable: session in [/var/www/cake/app/controllers/subscriptions_controller.php, line 25]
2011-09-23 20:09:43 Notice: Notice (8): Undefined variable: thsi in [/var/www/cake/app/controllers/subscriptions_controller.php, line 25]
2011-09-23 20:09:43 Notice: Notice (8): Trying to get property of non-object in [/var/www/cake/app/controllers/subscriptions_controller.php, line 25]
2011-09-23 20:09:44 Notice: Notice (8): Undefined variable: thsi in [/var/www/cake/app/controllers/subscriptions_controller.php, line 25]
2011-09-23 20:09:44 Notice: Notice (8): Trying to get property of non-object in [/var/www/cake/app/controllers/subscriptions_controller.php, line 25]
2011-09-23 20:17:12 Notice: Notice (8): Undefined property:  UsersController::$Users in [/var/www/cake/app/controllers/users_controller.php, line 20]
2011-09-23 20:44:14 Notice: Notice (8): Undefined property:  SubscriptionsController::$Subscriptions in [/var/www/cake/app/controllers/subscriptions_controller.php, line 42]
2011-09-27 17:20:46 Notice: Notice (8): Undefined property:  UsersController::$Users in [/var/www/cake/app/controllers/users_controller.php, line 20]
2011-09-27 17:22:34 Notice: Notice (8): Undefined variable: avatar in [/var/www/cake/app/views/users/avatar.ctp, line 1]
2011-09-27 17:23:47 Notice: Notice (8): Undefined property:  UsersController::$Users in [/var/www/cake/app/controllers/users_controller.php, line 19]
2011-09-27 17:27:04 Notice: Notice (8): Undefined index:  id in [/var/www/cake/app/views/users/index.ctp, line 24]
2011-09-28 17:05:55 Notice: Notice (8): Undefined property:  UsersController::$Session in [/var/www/cake/app/controllers/users_controller.php, line 24]
2011-09-29 17:07:44 Notice: Notice (8): Undefined variable: data in [/var/www/cake/app/controllers/users_controller.php, line 33]
2011-09-29 19:18:57 Notice: Notice (8): Undefined property:  UsersController::$Subscription in [/var/www/cake/app/controllers/users_controller.php, line 53]
2011-09-29 19:39:04 Notice: Notice (8): Undefined property:  UsersController::$Subscription in [/var/www/cake/app/controllers/users_controller.php, line 87]
2011-09-30 16:37:04 Notice: Notice (8): Undefined index:  ticket in [/var/www/cake/app/views/users/index.ctp, line 30]
2011-09-30 19:45:45 Notice: Notice (8): Undefined variable: config in [/var/www/cake/app/views/errors/missing_table.ctp, line 11]
2011-09-30 19:59:42 Notice: Notice (8): Undefined variable: dbFail in [/var/www/cake/app/views/errors/missing_table.ctp, line 22]
2011-10-09 21:25:51 Notice: Notice (8): Undefined variable: id in [/var/www/cake/app/views/users/send_tickets.ctp, line 7]
2011-10-09 21:31:07 Notice: Notice (8): Undefined variable: id in [/var/www/cake/app/views/users/send_tickets.ctp, line 7]
2011-10-09 21:33:56 Notice: Notice (8): Undefined variable: data in [/var/www/cake/app/controllers/users_controller.php, line 113]
2011-10-09 21:33:56 Notice: Notice (8): Undefined variable: id in [/var/www/cake/app/views/users/send_tickets.ctp, line 7]
2011-10-09 21:34:17 Notice: Notice (8): Undefined index: Users in [/var/www/cake/app/controllers/users_controller.php, line 113]
2011-10-09 21:34:17 Notice: Notice (8): Undefined variable: id in [/var/www/cake/app/views/users/send_tickets.ctp, line 7]
2011-10-09 21:34:20 Notice: Notice (8): Undefined index: Users in [/var/www/cake/app/controllers/users_controller.php, line 113]
2011-10-09 21:34:20 Notice: Notice (8): Undefined variable: id in [/var/www/cake/app/views/users/send_tickets.ctp, line 7]
2011-10-09 21:34:25 Notice: Notice (8): Undefined variable: id in [/var/www/cake/app/views/users/send_tickets.ctp, line 7]
2011-10-09 21:34:32 Notice: Notice (8): Undefined variable: id in [/var/www/cake/app/views/users/send_tickets.ctp, line 7]
2011-10-09 21:34:35 Notice: Notice (8): Undefined variable: id in [/var/www/cake/app/views/users/send_tickets.ctp, line 7]
2011-10-09 21:34:36 Notice: Notice (8): Undefined variable: id in [/var/www/cake/app/views/users/send_tickets.ctp, line 7]
2011-10-11 19:44:10 Notice: Notice (8): Undefined variable: id in [/var/www/cake/app/views/users/send_tickets.ctp, line 7]
2011-10-11 19:44:13 Notice: Notice (8): Undefined variable: id in [/var/www/cake/app/views/users/send_tickets.ctp, line 7]
2011-10-11 19:44:21 Notice: Notice (8): Undefined variable: id in [/var/www/cake/app/views/users/send_tickets.ctp, line 7]
2011-10-11 19:48:18 Notice: Notice (8): Undefined variable: id in [/var/www/cake/app/views/users/send_tickets.ctp, line 7]
2011-10-11 19:48:21 Notice: Notice (8): Undefined variable: id in [/var/www/cake/app/views/users/send_tickets.ctp, line 7]
2011-10-11 19:48:25 Notice: Notice (8): Undefined variable: id in [/var/www/cake/app/views/users/send_tickets.ctp, line 7]
2011-10-11 19:48:27 Notice: Notice (8): Undefined variable: id in [/var/www/cake/app/views/users/send_tickets.ctp, line 7]
2011-10-11 19:48:33 Notice: Notice (8): Undefined variable: id in [/var/www/cake/app/views/users/send_tickets.ctp, line 7]
2011-10-11 19:50:29 Notice: Notice (8): Undefined variable: id in [/var/www/cake/app/views/users/send_tickets.ctp, line 7]
2011-10-11 19:58:26 Notice: Notice (8): Undefined variable: id in [/var/www/cake/app/views/users/send_tickets.ctp, line 7]
2011-10-11 19:58:30 Notice: Notice (8): Undefined variable: id in [/var/www/cake/app/views/users/send_tickets.ctp, line 7]
2011-10-11 19:58:31 Notice: Notice (8): Undefined variable: id in [/var/www/cake/app/views/users/send_tickets.ctp, line 7]
2011-10-11 20:08:49 Notice: Notice (8): Undefined variable: id in [/var/www/cake/app/views/users/send_tickets.ctp, line 7]
2011-10-11 20:09:32 Notice: Notice (8): Undefined variable: id in [/var/www/cake/app/views/users/send_tickets.ctp, line 7]
2011-10-11 20:10:33 Notice: Notice (8): Undefined variable: id in [/var/www/cake/app/views/users/send_tickets.ctp, line 7]
2011-10-11 20:10:35 Notice: Notice (8): Undefined variable: id in [/var/www/cake/app/views/users/send_tickets.ctp, line 7]
2011-10-11 20:15:11 Notice: Notice (8): Undefined variable: id in [/var/www/cake/app/views/users/send_tickets.ctp, line 7]
2011-10-11 20:17:22 Notice: Notice (8): Undefined variable: id in [/var/www/cake/app/views/users/send_tickets.ctp, line 7]
2011-10-11 20:17:27 Notice: Notice (8): Undefined variable: id in [/var/www/cake/app/views/users/send_tickets.ctp, line 7]
2011-10-11 20:23:45 Notice: Notice (8): Undefined variable: id in [/var/www/cake/app/views/users/send_tickets.ctp, line 7]
2011-10-11 20:25:55 Notice: Notice (8): Undefined variable: id in [/var/www/cake/app/views/users/send_tickets.ctp, line 7]
2011-10-11 20:26:11 Notice: Notice (8): Undefined variable: id in [/var/www/cake/app/views/users/send_tickets.ctp, line 7]
2011-10-11 20:31:38 Notice: Notice (8): Undefined variable: id in [/var/www/cake/app/views/users/send_tickets.ctp, line 7]
2011-10-11 20:31:39 Notice: Notice (8): Undefined variable: id in [/var/www/cake/app/views/users/send_tickets.ctp, line 7]
2011-10-11 20:31:40 Notice: Notice (8): Undefined variable: id in [/var/www/cake/app/views/users/send_tickets.ctp, line 7]
2011-10-11 20:31:40 Notice: Notice (8): Undefined variable: id in [/var/www/cake/app/views/users/send_tickets.ctp, line 7]
2011-10-11 20:31:41 Notice: Notice (8): Undefined variable: id in [/var/www/cake/app/views/users/send_tickets.ctp, line 7]
2011-10-11 20:31:42 Notice: Notice (8): Undefined variable: id in [/var/www/cake/app/views/users/send_tickets.ctp, line 7]
2011-10-11 20:31:42 Notice: Notice (8): Undefined variable: id in [/var/www/cake/app/views/users/send_tickets.ctp, line 7]
2011-10-11 20:31:43 Notice: Notice (8): Undefined variable: id in [/var/www/cake/app/views/users/send_tickets.ctp, line 7]
2011-10-11 20:31:43 Notice: Notice (8): Undefined variable: id in [/var/www/cake/app/views/users/send_tickets.ctp, line 7]
2011-10-11 20:31:43 Notice: Notice (8): Undefined variable: id in [/var/www/cake/app/views/users/send_tickets.ctp, line 7]
2011-10-11 20:31:44 Notice: Notice (8): Undefined variable: id in [/var/www/cake/app/views/users/send_tickets.ctp, line 7]
2011-10-11 20:31:44 Notice: Notice (8): Undefined variable: id in [/var/www/cake/app/views/users/send_tickets.ctp, line 7]
2011-10-11 20:31:44 Notice: Notice (8): Undefined variable: id in [/var/www/cake/app/views/users/send_tickets.ctp, line 7]
2011-10-11 20:31:44 Notice: Notice (8): Undefined variable: id in [/var/www/cake/app/views/users/send_tickets.ctp, line 7]
2011-10-11 20:31:44 Notice: Notice (8): Undefined variable: id in [/var/www/cake/app/views/users/send_tickets.ctp, line 7]
2011-10-11 20:31:44 Notice: Notice (8): Undefined variable: id in [/var/www/cake/app/views/users/send_tickets.ctp, line 7]
2011-10-11 20:31:44 Notice: Notice (8): Undefined variable: id in [/var/www/cake/app/views/users/send_tickets.ctp, line 7]
2011-10-11 20:31:44 Notice: Notice (8): Undefined variable: id in [/var/www/cake/app/views/users/send_tickets.ctp, line 7]
2011-10-11 20:31:44 Notice: Notice (8): Undefined variable: id in [/var/www/cake/app/views/users/send_tickets.ctp, line 7]
2011-10-11 20:32:14 Notice: Notice (8): Undefined variable: id in [/var/www/cake/app/views/users/send_tickets.ctp, line 7]
2011-10-11 20:32:15 Notice: Notice (8): Undefined variable: id in [/var/www/cake/app/views/users/send_tickets.ctp, line 7]
2011-10-11 20:32:15 Notice: Notice (8): Undefined variable: id in [/var/www/cake/app/views/users/send_tickets.ctp, line 7]
2011-10-11 20:32:16 Notice: Notice (8): Undefined variable: id in [/var/www/cake/app/views/users/send_tickets.ctp, line 7]
2011-10-11 20:32:17 Notice: Notice (8): Undefined variable: id in [/var/www/cake/app/views/users/send_tickets.ctp, line 7]
2011-10-11 20:32:17 Notice: Notice (8): Undefined variable: id in [/var/www/cake/app/views/users/send_tickets.ctp, line 7]
2011-10-11 20:32:18 Notice: Notice (8): Undefined variable: id in [/var/www/cake/app/views/users/send_tickets.ctp, line 7]
2011-10-11 20:32:18 Notice: Notice (8): Undefined variable: id in [/var/www/cake/app/views/users/send_tickets.ctp, line 7]
2011-10-11 20:32:18 Notice: Notice (8): Undefined variable: id in [/var/www/cake/app/views/users/send_tickets.ctp, line 7]
2011-10-11 20:32:18 Notice: Notice (8): Undefined variable: id in [/var/www/cake/app/views/users/send_tickets.ctp, line 7]
2011-10-11 20:32:18 Notice: Notice (8): Undefined variable: id in [/var/www/cake/app/views/users/send_tickets.ctp, line 7]
2011-10-11 20:32:18 Notice: Notice (8): Undefined variable: id in [/var/www/cake/app/views/users/send_tickets.ctp, line 7]
2011-10-11 20:32:18 Notice: Notice (8): Undefined variable: id in [/var/www/cake/app/views/users/send_tickets.ctp, line 7]
2011-10-11 20:32:18 Notice: Notice (8): Undefined variable: id in [/var/www/cake/app/views/users/send_tickets.ctp, line 7]
2011-10-11 20:32:18 Notice: Notice (8): Undefined variable: id in [/var/www/cake/app/views/users/send_tickets.ctp, line 7]
2011-10-11 20:32:19 Notice: Notice (8): Undefined variable: id in [/var/www/cake/app/views/users/send_tickets.ctp, line 7]
2011-10-11 20:32:19 Notice: Notice (8): Undefined variable: id in [/var/www/cake/app/views/users/send_tickets.ctp, line 7]
2011-10-11 20:32:19 Notice: Notice (8): Undefined variable: id in [/var/www/cake/app/views/users/send_tickets.ctp, line 7]
2011-10-11 20:33:51 Notice: Notice (8): Undefined variable: id in [/var/www/cake/app/views/users/send_tickets.ctp, line 7]
2011-10-11 20:34:16 Notice: Notice (8): Undefined variable: id in [/var/www/cake/app/views/users/send_tickets.ctp, line 7]
2011-10-11 20:34:52 Notice: Notice (8): Undefined variable: id in [/var/www/cake/app/views/users/send_tickets.ctp, line 7]
2011-10-11 20:35:02 Notice: Notice (8): Undefined variable: id in [/var/www/cake/app/views/users/send_tickets.ctp, line 7]
2011-10-11 20:40:45 Notice: Notice (8): Undefined variable: id in [/var/www/cake/app/views/users/send_tickets.ctp, line 7]
2011-10-11 20:47:48 Notice: Notice (8): Undefined variable: id in [/var/www/cake/app/views/users/send_tickets.ctp, line 7]
2011-10-11 20:47:54 Notice: Notice (8): Undefined variable: id in [/var/www/cake/app/views/users/send_tickets.ctp, line 7]
2011-10-11 20:49:38 Notice: Notice (8): Undefined variable: id in [/var/www/cake/app/views/users/send_tickets.ctp, line 7]
2011-10-11 20:49:47 Notice: Notice (8): Undefined variable: id in [/var/www/cake/app/views/users/send_tickets.ctp, line 7]
2011-10-11 20:50:00 Notice: Notice (8): Undefined variable: id in [/var/www/cake/app/views/users/send_tickets.ctp, line 7]
2011-10-11 20:50:20 Notice: Notice (8): Undefined variable: id in [/var/www/cake/app/views/users/send_tickets.ctp, line 7]
2011-10-11 20:51:57 Notice: Notice (8): Undefined variable: id in [/var/www/cake/app/views/users/send_tickets.ctp, line 7]
2011-10-11 20:51:59 Notice: Notice (8): Undefined variable: id in [/var/www/cake/app/views/users/send_tickets.ctp, line 7]
2011-10-11 20:53:21 Notice: Notice (8): Undefined variable: id in [/var/www/cake/app/views/users/send_tickets.ctp, line 7]
2011-10-11 20:54:01 Notice: Notice (8): Undefined variable: id in [/var/www/cake/app/views/users/send_tickets.ctp, line 7]
2011-10-11 20:54:02 Notice: Notice (8): Undefined variable: id in [/var/www/cake/app/views/users/send_tickets.ctp, line 7]
2011-10-11 21:02:17 Notice: Notice (8): Undefined variable: id in [/var/www/cake/app/views/users/send_tickets.ctp, line 7]
2011-10-11 21:07:08 Notice: Notice (8): Undefined variable: id in [/var/www/cake/app/views/users/send_tickets.ctp, line 7]
2011-10-11 21:07:10 Notice: Notice (8): Undefined variable: id in [/var/www/cake/app/views/users/send_tickets.ctp, line 7]
2011-10-12 14:50:48 Notice: Notice (8): Undefined variable: id in [/var/www/cake/app/views/users/send_tickets.ctp, line 7]
2011-10-12 14:51:40 Notice: Notice (8): Undefined variable: id in [/var/www/cake/app/views/users/send_tickets.ctp, line 7]
2011-10-12 15:01:10 Notice: Notice (8): Undefined variable: id in [/var/www/cake/app/views/users/send_tickets.ctp, line 7]
2011-10-12 18:14:04 Notice: Notice (8): Undefined variable: id in [/var/www/cake/app/views/users/send_tickets.ctp, line 7]
2011-10-12 18:19:47 Notice: Notice (8): Undefined variable: id in [/var/www/cake/app/views/users/send_tickets.ctp, line 7]
2011-10-12 18:58:52 Notice: Notice (8): Undefined variable: id in [/var/www/cake/app/views/users/send_tickets.ctp, line 7]
2011-10-12 18:58:59 Notice: Notice (8): Undefined variable: id in [/var/www/cake/app/views/users/send_tickets.ctp, line 7]
2011-10-12 19:01:44 Notice: Notice (8): Undefined index: id in [/var/www/cake/app/controllers/users_controller.php, line 104]
2011-10-16 18:11:51 Notice: Notice (8): session_start() [http://php.net/function.session-start]: ps_files_cleanup_dir: opendir(/var/lib/php5) failed: Permission denied (13) in [/var/www/cake/cake/libs/cake_session.php, line 587]
2011-11-23 16:42:55 Notice: Notice (8): Undefined index: email in [/var/www/adam/feniks/app/views/users/index.ctp, line 32]
2011-11-23 16:42:58 Notice: Notice (8): Undefined index: email in [/var/www/adam/feniks/app/views/users/index.ctp, line 32]
2011-11-23 16:42:59 Notice: Notice (8): Undefined index: email in [/var/www/adam/feniks/app/views/users/index.ctp, line 32]
2011-11-23 16:43:00 Notice: Notice (8): Undefined index: email in [/var/www/adam/feniks/app/views/users/index.ctp, line 32]
2011-12-03 12:18:36 Notice: Notice (8): Undefined index: User in [/var/www/adam/feniks/app/controllers/users_controller.php, line 182]
2011-12-03 12:19:52 Notice: Notice (8): Undefined index: file in [/var/www/adam/feniks/app/views/users/val_import.ctp, line 3]
