2011-09-21 13:49:42 Warning: Warning (2): include_once(/var/www/cake/app/config/database.php) [<a href='http://php.net/function.include-once'>function.include-once</a>]: failed to open stream: No such file or directory in [/var/www/cake/cake/libs/model/connection_manager.php, line 23]
2011-09-21 13:49:43 Warning: Warning (2): include_once() [<a href='http://php.net/function.include'>function.include</a>]: Failed opening '/var/www/cake/app/config/database.php' for inclusion (include_path='.:/usr/share/php:/usr/share/pear:/var/www/cake:/var/www/cake/app/') in [/var/www/cake/cake/libs/model/connection_manager.php, line 23]
2011-09-21 13:49:43 Warning: Warning (2): include_once(/var/www/cake/app/config/database.php) [<a href='http://php.net/function.include-once'>function.include-once</a>]: failed to open stream: No such file or directory in [/var/www/cake/cake/libs/model/connection_manager.php, line 23]
2011-09-21 13:49:43 Warning: Warning (2): include_once(/var/www/cake/app/config/database.php) [<a href='http://php.net/function.include-once'>function.include-once</a>]: failed to open stream: No such file or directory in [/var/www/cake/cake/libs/model/connection_manager.php, line 23]
2011-09-21 13:49:43 Warning: Warning (2): include_once(/var/www/cake/app/config/database.php) [<a href='http://php.net/function.include-once'>function.include-once</a>]: failed to open stream: No such file or directory in [/var/www/cake/cake/libs/model/connection_manager.php, line 23]
2011-09-21 13:49:43 Warning: Warning (2): include_once() [<a href='http://php.net/function.include'>function.include</a>]: Failed opening '/var/www/cake/app/config/database.php' for inclusion (include_path='.:/usr/share/php:/usr/share/pear:/var/www/cake:/var/www/cake/app/') in [/var/www/cake/cake/libs/model/connection_manager.php, line 23]
2011-09-21 13:49:43 Warning: Warning (2): include_once() [<a href='http://php.net/function.include'>function.include</a>]: Failed opening '/var/www/cake/app/config/database.php' for inclusion (include_path='.:/usr/share/php:/usr/share/pear:/var/www/cake:/var/www/cake/app/') in [/var/www/cake/cake/libs/model/connection_manager.php, line 23]
2011-09-21 13:49:43 Warning: Warning (2): include_once() [<a href='http://php.net/function.include'>function.include</a>]: Failed opening '/var/www/cake/app/config/database.php' for inclusion (include_path='.:/usr/share/php:/usr/share/pear:/var/www/cake:/var/www/cake/app/') in [/var/www/cake/cake/libs/model/connection_manager.php, line 23]
2011-09-21 13:50:58 Warning: Warning (2): include_once(/var/www/cake/app/config/database.php) [<a href='http://php.net/function.include-once'>function.include-once</a>]: failed to open stream: No such file or directory in [/var/www/cake/cake/libs/model/connection_manager.php, line 23]
2011-09-21 13:50:58 Warning: Warning (2): include_once() [<a href='http://php.net/function.include'>function.include</a>]: Failed opening '/var/www/cake/app/config/database.php' for inclusion (include_path='.:/usr/share/php:/usr/share/pear:/var/www/cake:/var/www/cake/app/') in [/var/www/cake/cake/libs/model/connection_manager.php, line 23]
2011-09-21 13:50:59 Warning: Warning (2): include_once(/var/www/cake/app/config/database.php) [<a href='http://php.net/function.include-once'>function.include-once</a>]: failed to open stream: No such file or directory in [/var/www/cake/cake/libs/model/connection_manager.php, line 23]
2011-09-21 13:50:59 Warning: Warning (2): include_once(/var/www/cake/app/config/database.php) [<a href='http://php.net/function.include-once'>function.include-once</a>]: failed to open stream: No such file or directory in [/var/www/cake/cake/libs/model/connection_manager.php, line 23]
2011-09-21 13:50:59 Warning: Warning (2): include_once() [<a href='http://php.net/function.include'>function.include</a>]: Failed opening '/var/www/cake/app/config/database.php' for inclusion (include_path='.:/usr/share/php:/usr/share/pear:/var/www/cake:/var/www/cake/app/') in [/var/www/cake/cake/libs/model/connection_manager.php, line 23]
2011-09-21 13:50:59 Warning: Warning (2): include_once(/var/www/cake/app/config/database.php) [<a href='http://php.net/function.include-once'>function.include-once</a>]: failed to open stream: No such file or directory in [/var/www/cake/cake/libs/model/connection_manager.php, line 23]
2011-09-21 13:50:59 Warning: Warning (2): include_once() [<a href='http://php.net/function.include'>function.include</a>]: Failed opening '/var/www/cake/app/config/database.php' for inclusion (include_path='.:/usr/share/php:/usr/share/pear:/var/www/cake:/var/www/cake/app/') in [/var/www/cake/cake/libs/model/connection_manager.php, line 23]
2011-09-21 13:50:59 Warning: Warning (2): include_once() [<a href='http://php.net/function.include'>function.include</a>]: Failed opening '/var/www/cake/app/config/database.php' for inclusion (include_path='.:/usr/share/php:/usr/share/pear:/var/www/cake:/var/www/cake/app/') in [/var/www/cake/cake/libs/model/connection_manager.php, line 23]
2011-09-21 13:50:59 Warning: Warning (2): include_once(/var/www/cake/app/config/database.php) [<a href='http://php.net/function.include-once'>function.include-once</a>]: failed to open stream: No such file or directory in [/var/www/cake/cake/libs/model/connection_manager.php, line 23]
2011-09-21 13:51:00 Warning: Warning (2): include_once() [<a href='http://php.net/function.include'>function.include</a>]: Failed opening '/var/www/cake/app/config/database.php' for inclusion (include_path='.:/usr/share/php:/usr/share/pear:/var/www/cake:/var/www/cake/app/') in [/var/www/cake/cake/libs/model/connection_manager.php, line 23]
2011-09-21 13:51:00 Warning: Warning (2): include_once(/var/www/cake/app/config/database.php) [<a href='http://php.net/function.include-once'>function.include-once</a>]: failed to open stream: No such file or directory in [/var/www/cake/cake/libs/model/connection_manager.php, line 23]
2011-09-21 13:51:00 Warning: Warning (2): include_once() [<a href='http://php.net/function.include'>function.include</a>]: Failed opening '/var/www/cake/app/config/database.php' for inclusion (include_path='.:/usr/share/php:/usr/share/pear:/var/www/cake:/var/www/cake/app/') in [/var/www/cake/cake/libs/model/connection_manager.php, line 23]
2011-09-21 13:51:00 Warning: Warning (2): include_once(/var/www/cake/app/config/database.php) [<a href='http://php.net/function.include-once'>function.include-once</a>]: failed to open stream: No such file or directory in [/var/www/cake/cake/libs/model/connection_manager.php, line 23]
2011-09-21 13:51:00 Warning: Warning (2): include_once() [<a href='http://php.net/function.include'>function.include</a>]: Failed opening '/var/www/cake/app/config/database.php' for inclusion (include_path='.:/usr/share/php:/usr/share/pear:/var/www/cake:/var/www/cake/app/') in [/var/www/cake/cake/libs/model/connection_manager.php, line 23]
2011-09-21 13:51:00 Warning: Warning (2): include_once(/var/www/cake/app/config/database.php) [<a href='http://php.net/function.include-once'>function.include-once</a>]: failed to open stream: No such file or directory in [/var/www/cake/cake/libs/model/connection_manager.php, line 23]
2011-09-21 13:51:00 Warning: Warning (2): include_once() [<a href='http://php.net/function.include'>function.include</a>]: Failed opening '/var/www/cake/app/config/database.php' for inclusion (include_path='.:/usr/share/php:/usr/share/pear:/var/www/cake:/var/www/cake/app/') in [/var/www/cake/cake/libs/model/connection_manager.php, line 23]
2011-09-21 14:15:24 Warning: Warning (512): /var/www/cake/app/tmp/cache/ is not writable in [/var/www/cake/cake/libs/cache/file.php, line 278]
2011-09-21 14:15:24 Warning: Warning (512): /var/www/cake/app/tmp/cache/persistent/ is not writable in [/var/www/cake/cake/libs/cache/file.php, line 278]
2011-09-21 14:15:24 Warning: Warning (512): /var/www/cake/app/tmp/cache/models/ is not writable in [/var/www/cake/cake/libs/cache/file.php, line 278]
2011-09-21 14:15:44 Warning: Warning (512): /var/www/cake/app/tmp/cache/ is not writable in [/var/www/cake/cake/libs/cache/file.php, line 278]
2011-09-21 14:15:44 Warning: Warning (512): /var/www/cake/app/tmp/cache/persistent/ is not writable in [/var/www/cake/cake/libs/cache/file.php, line 278]
2011-09-21 14:15:44 Warning: Warning (512): /var/www/cake/app/tmp/cache/models/ is not writable in [/var/www/cake/cake/libs/cache/file.php, line 278]
2011-09-21 14:29:12 Warning: Warning (512): /var/www/cake/app/tmp/cache/ is not writable in [/var/www/cake/cake/libs/cache/file.php, line 278]
2011-09-21 14:29:12 Warning: Warning (512): /var/www/cake/app/tmp/cache/persistent/ is not writable in [/var/www/cake/cake/libs/cache/file.php, line 278]
2011-09-21 14:29:12 Warning: Warning (512): /var/www/cake/app/tmp/cache/models/ is not writable in [/var/www/cake/cake/libs/cache/file.php, line 278]
2011-09-21 14:29:43 Warning: Warning (512): /var/www/cake/app/tmp/cache/ is not writable in [/var/www/cake/cake/libs/cache/file.php, line 278]
2011-09-21 14:29:43 Warning: Warning (512): /var/www/cake/app/tmp/cache/persistent/ is not writable in [/var/www/cake/cake/libs/cache/file.php, line 278]
2011-09-21 14:29:43 Warning: Warning (512): /var/www/cake/app/tmp/cache/models/ is not writable in [/var/www/cake/cake/libs/cache/file.php, line 278]
2011-09-23 20:09:50 Warning: Warning (512): <span style="color:Red;text-align:left"><b>SQL Error:</b> 1054: Unknown column 'username' in 'where clause'</span> in [/var/www/cake/cake/libs/model/datasources/dbo_source.php, line 684]
2011-09-24 11:03:56 Warning: Warning (512): /var/www/cake/app/tmp/cache/ is not writable in [/var/www/cake/cake/libs/cache/file.php, line 278]
2011-09-24 11:03:56 Warning: Warning (512): /var/www/cake/app/tmp/cache/persistent/ is not writable in [/var/www/cake/cake/libs/cache/file.php, line 278]
2011-09-24 11:03:57 Warning: Warning (512): /var/www/cake/app/tmp/cache/models/ is not writable in [/var/www/cake/cake/libs/cache/file.php, line 278]
2011-09-24 11:03:57 Warning: Warning (2): Cannot modify header information - headers already sent by (output started at /var/www/cake/cake/libs/debugger.php:683) in [/var/www/cake/cake/libs/controller/controller.php, line 742]
2011-09-26 21:07:42 Warning: Warning (512): /var/www/cake/app/tmp/cache/ is not writable in [/var/www/cake/cake/libs/cache/file.php, line 278]
2011-09-26 21:07:42 Warning: Warning (512): /var/www/cake/app/tmp/cache/persistent/ is not writable in [/var/www/cake/cake/libs/cache/file.php, line 278]
2011-09-26 21:07:42 Warning: Warning (512): /var/www/cake/app/tmp/cache/models/ is not writable in [/var/www/cake/cake/libs/cache/file.php, line 278]
2011-09-26 21:07:42 Warning: Warning (2): Cannot modify header information - headers already sent by (output started at /var/www/cake/cake/libs/debugger.php:683) in [/var/www/cake/cake/libs/controller/controller.php, line 742]
2011-09-27 17:20:46 Warning: Warning (2): Missing argument 1 for UsersController::avatar() in [/var/www/cake/app/controllers/users_controller.php, line 18]
2011-09-27 17:22:34 Warning: Warning (2): Missing argument 1 for UsersController::avatar() in [/var/www/cake/app/controllers/users_controller.php, line 18]
2011-09-29 17:07:44 Warning: Warning (2): Cannot modify header information - headers already sent by (output started at /var/www/cake/cake/libs/debugger.php:683) in [/var/www/cake/cake/libs/controller/controller.php, line 742]
2011-09-29 17:25:48 Warning: Warning (2): Wrong parameter count for strcmp() in [/var/www/cake/app/controllers/users_controller.php, line 58]
2011-09-29 17:25:48 Warning: Warning (2): Cannot modify header information - headers already sent by (output started at /var/www/cake/cake/libs/debugger.php:683) in [/var/www/cake/cake/libs/controller/controller.php, line 742]
2011-09-30 16:53:27 Warning: Warning (2): mysql_connect() [<a href='http://php.net/function.mysql-connect'>function.mysql-connect</a>]: Can't connect to local MySQL server through socket '/var/run/mysqld/mysqld.sock' (2) in [/var/www/cake/cake/libs/model/datasources/dbo/dbo_mysql.php, line 561]
2011-09-30 16:53:27 Warning: Warning (2): mysql_query(): supplied argument is not a valid MySQL-Link resource in [/var/www/cake/cake/libs/model/datasources/dbo/dbo_mysql.php, line 613]
2011-09-30 16:53:27 Warning: Warning (2): Cannot modify header information - headers already sent by (output started at /var/www/cake/cake/libs/debugger.php:683) in [/var/www/cake/cake/libs/controller/controller.php, line 742]
2011-09-30 17:14:23 Warning: Warning (2): mysql_connect() [<a href='http://php.net/function.mysql-connect'>function.mysql-connect</a>]: Can't connect to local MySQL server through socket '/var/run/mysqld/mysqld.sock' (2) in [/var/www/cake/cake/libs/model/datasources/dbo/dbo_mysql.php, line 561]
2011-09-30 17:14:23 Warning: Warning (2): mysql_query(): supplied argument is not a valid MySQL-Link resource in [/var/www/cake/cake/libs/model/datasources/dbo/dbo_mysql.php, line 613]
2011-09-30 17:14:23 Warning: Warning (2): Cannot modify header information - headers already sent by (output started at /var/www/cake/cake/libs/debugger.php:683) in [/var/www/cake/cake/libs/controller/controller.php, line 742]
2011-09-30 17:14:24 Warning: Warning (2): mysql_connect() [<a href='http://php.net/function.mysql-connect'>function.mysql-connect</a>]: Can't connect to local MySQL server through socket '/var/run/mysqld/mysqld.sock' (2) in [/var/www/cake/cake/libs/model/datasources/dbo/dbo_mysql.php, line 561]
2011-09-30 17:14:24 Warning: Warning (2): mysql_query(): supplied argument is not a valid MySQL-Link resource in [/var/www/cake/cake/libs/model/datasources/dbo/dbo_mysql.php, line 613]
2011-09-30 17:14:24 Warning: Warning (2): Cannot modify header information - headers already sent by (output started at /var/www/cake/cake/libs/debugger.php:683) in [/var/www/cake/cake/libs/controller/controller.php, line 742]
2011-09-30 17:14:55 Warning: Warning (2): mysql_connect() [<a href='http://php.net/function.mysql-connect'>function.mysql-connect</a>]: Can't connect to local MySQL server through socket '/var/run/mysqld/mysqld.sock' (2) in [/var/www/cake/cake/libs/model/datasources/dbo/dbo_mysql.php, line 561]
2011-09-30 17:14:55 Warning: Warning (2): mysql_query(): supplied argument is not a valid MySQL-Link resource in [/var/www/cake/cake/libs/model/datasources/dbo/dbo_mysql.php, line 613]
2011-09-30 17:14:55 Warning: Warning (2): Cannot modify header information - headers already sent by (output started at /var/www/cake/cake/libs/debugger.php:683) in [/var/www/cake/cake/libs/controller/controller.php, line 742]
2011-09-30 17:15:17 Warning: Warning (2): mysql_connect() [<a href='http://php.net/function.mysql-connect'>function.mysql-connect</a>]: Can't connect to local MySQL server through socket '/var/run/mysqld/mysqld.sock' (2) in [/var/www/cake/cake/libs/model/datasources/dbo/dbo_mysql.php, line 561]
2011-09-30 17:15:17 Warning: Warning (2): mysql_query(): supplied argument is not a valid MySQL-Link resource in [/var/www/cake/cake/libs/model/datasources/dbo/dbo_mysql.php, line 613]
2011-09-30 17:15:17 Warning: Warning (2): Cannot modify header information - headers already sent by (output started at /var/www/cake/cake/libs/debugger.php:683) in [/var/www/cake/cake/libs/controller/controller.php, line 742]
2011-09-30 17:16:19 Warning: Warning (2): mysql_connect() [<a href='http://php.net/function.mysql-connect'>function.mysql-connect</a>]: Can't connect to local MySQL server through socket '/var/run/mysqld/mysqld.sock' (2) in [/var/www/cake/cake/libs/model/datasources/dbo/dbo_mysql.php, line 561]
2011-09-30 17:16:19 Warning: Warning (2): mysql_query(): supplied argument is not a valid MySQL-Link resource in [/var/www/cake/cake/libs/model/datasources/dbo/dbo_mysql.php, line 613]
2011-09-30 17:16:19 Warning: Warning (2): Cannot modify header information - headers already sent by (output started at /var/www/cake/cake/libs/debugger.php:683) in [/var/www/cake/cake/libs/controller/controller.php, line 742]
2011-09-30 17:16:28 Warning: Warning (2): mysql_connect() [<a href='http://php.net/function.mysql-connect'>function.mysql-connect</a>]: Can't connect to local MySQL server through socket '/var/run/mysqld/mysqld.sock' (2) in [/var/www/cake/cake/libs/model/datasources/dbo/dbo_mysql.php, line 561]
2011-09-30 17:16:28 Warning: Warning (2): mysql_query(): supplied argument is not a valid MySQL-Link resource in [/var/www/cake/cake/libs/model/datasources/dbo/dbo_mysql.php, line 613]
2011-09-30 17:16:28 Warning: Warning (2): Cannot modify header information - headers already sent by (output started at /var/www/cake/cake/libs/debugger.php:683) in [/var/www/cake/cake/libs/controller/controller.php, line 742]
2011-09-30 17:16:32 Warning: Warning (2): mysql_connect() [<a href='http://php.net/function.mysql-connect'>function.mysql-connect</a>]: Can't connect to local MySQL server through socket '/var/run/mysqld/mysqld.sock' (2) in [/var/www/cake/cake/libs/model/datasources/dbo/dbo_mysql.php, line 561]
2011-09-30 17:16:32 Warning: Warning (2): mysql_query(): supplied argument is not a valid MySQL-Link resource in [/var/www/cake/cake/libs/model/datasources/dbo/dbo_mysql.php, line 613]
2011-09-30 17:16:32 Warning: Warning (2): Cannot modify header information - headers already sent by (output started at /var/www/cake/cake/libs/debugger.php:683) in [/var/www/cake/cake/libs/controller/controller.php, line 742]
2011-09-30 17:19:18 Warning: Warning (2): mysql_connect() [<a href='http://php.net/function.mysql-connect'>function.mysql-connect</a>]: Can't connect to local MySQL server through socket '/var/run/mysqld/mysqld.sock' (2) in [/var/www/cake/cake/libs/model/datasources/dbo/dbo_mysql.php, line 561]
2011-09-30 17:19:18 Warning: Warning (2): mysql_query(): supplied argument is not a valid MySQL-Link resource in [/var/www/cake/cake/libs/model/datasources/dbo/dbo_mysql.php, line 613]
2011-09-30 17:19:18 Warning: Warning (2): Cannot modify header information - headers already sent by (output started at /var/www/cake/app/app_controller.php:4) in [/var/www/cake/cake/libs/controller/controller.php, line 742]
2011-09-30 17:19:40 Warning: Warning (2): mysql_connect() [<a href='http://php.net/function.mysql-connect'>function.mysql-connect</a>]: Can't connect to local MySQL server through socket '/var/run/mysqld/mysqld.sock' (2) in [/var/www/cake/cake/libs/model/datasources/dbo/dbo_mysql.php, line 561]
2011-09-30 17:19:40 Warning: Warning (2): mysql_query(): supplied argument is not a valid MySQL-Link resource in [/var/www/cake/cake/libs/model/datasources/dbo/dbo_mysql.php, line 613]
2011-09-30 17:19:40 Warning: Warning (2): Cannot modify header information - headers already sent by (output started at /var/www/cake/cake/libs/debugger.php:683) in [/var/www/cake/cake/libs/controller/controller.php, line 742]
2011-09-30 17:19:42 Warning: Warning (2): mysql_connect() [<a href='http://php.net/function.mysql-connect'>function.mysql-connect</a>]: Can't connect to local MySQL server through socket '/var/run/mysqld/mysqld.sock' (2) in [/var/www/cake/cake/libs/model/datasources/dbo/dbo_mysql.php, line 561]
2011-09-30 17:19:42 Warning: Warning (2): mysql_query(): supplied argument is not a valid MySQL-Link resource in [/var/www/cake/cake/libs/model/datasources/dbo/dbo_mysql.php, line 613]
2011-09-30 17:19:42 Warning: Warning (2): Cannot modify header information - headers already sent by (output started at /var/www/cake/cake/libs/debugger.php:683) in [/var/www/cake/cake/libs/controller/controller.php, line 742]
2011-09-30 17:20:49 Warning: Warning (2): mysql_connect() [<a href='http://php.net/function.mysql-connect'>function.mysql-connect</a>]: Can't connect to local MySQL server through socket '/var/run/mysqld/mysqld.sock' (2) in [/var/www/cake/cake/libs/model/datasources/dbo/dbo_mysql.php, line 561]
2011-09-30 17:20:49 Warning: Warning (2): mysql_query(): supplied argument is not a valid MySQL-Link resource in [/var/www/cake/cake/libs/model/datasources/dbo/dbo_mysql.php, line 613]
2011-09-30 17:20:49 Warning: Warning (2): Cannot modify header information - headers already sent by (output started at /var/www/cake/cake/libs/debugger.php:683) in [/var/www/cake/cake/libs/controller/controller.php, line 742]
2011-09-30 17:20:50 Warning: Warning (2): mysql_connect() [<a href='http://php.net/function.mysql-connect'>function.mysql-connect</a>]: Can't connect to local MySQL server through socket '/var/run/mysqld/mysqld.sock' (2) in [/var/www/cake/cake/libs/model/datasources/dbo/dbo_mysql.php, line 561]
2011-09-30 17:20:50 Warning: Warning (2): mysql_query(): supplied argument is not a valid MySQL-Link resource in [/var/www/cake/cake/libs/model/datasources/dbo/dbo_mysql.php, line 613]
2011-09-30 17:20:50 Warning: Warning (2): Cannot modify header information - headers already sent by (output started at /var/www/cake/cake/libs/debugger.php:683) in [/var/www/cake/cake/libs/controller/controller.php, line 742]
2011-09-30 17:20:51 Warning: Warning (2): mysql_connect() [<a href='http://php.net/function.mysql-connect'>function.mysql-connect</a>]: Can't connect to local MySQL server through socket '/var/run/mysqld/mysqld.sock' (2) in [/var/www/cake/cake/libs/model/datasources/dbo/dbo_mysql.php, line 561]
2011-09-30 17:20:51 Warning: Warning (2): mysql_query(): supplied argument is not a valid MySQL-Link resource in [/var/www/cake/cake/libs/model/datasources/dbo/dbo_mysql.php, line 613]
2011-09-30 17:20:51 Warning: Warning (2): Cannot modify header information - headers already sent by (output started at /var/www/cake/cake/libs/debugger.php:683) in [/var/www/cake/cake/libs/controller/controller.php, line 742]
2011-09-30 17:21:07 Warning: Warning (2): mysql_connect() [<a href='http://php.net/function.mysql-connect'>function.mysql-connect</a>]: Can't connect to local MySQL server through socket '/var/run/mysqld/mysqld.sock' (2) in [/var/www/cake/cake/libs/model/datasources/dbo/dbo_mysql.php, line 561]
2011-09-30 17:21:07 Warning: Warning (2): mysql_query(): supplied argument is not a valid MySQL-Link resource in [/var/www/cake/cake/libs/model/datasources/dbo/dbo_mysql.php, line 613]
2011-09-30 17:21:07 Warning: Warning (2): Cannot modify header information - headers already sent by (output started at /var/www/cake/cake/libs/debugger.php:683) in [/var/www/cake/cake/libs/controller/controller.php, line 742]
2011-09-30 17:21:07 Warning: Warning (2): mysql_connect() [<a href='http://php.net/function.mysql-connect'>function.mysql-connect</a>]: Can't connect to local MySQL server through socket '/var/run/mysqld/mysqld.sock' (2) in [/var/www/cake/cake/libs/model/datasources/dbo/dbo_mysql.php, line 561]
2011-09-30 17:21:07 Warning: Warning (2): mysql_query(): supplied argument is not a valid MySQL-Link resource in [/var/www/cake/cake/libs/model/datasources/dbo/dbo_mysql.php, line 613]
2011-09-30 17:21:07 Warning: Warning (2): Cannot modify header information - headers already sent by (output started at /var/www/cake/cake/libs/debugger.php:683) in [/var/www/cake/cake/libs/controller/controller.php, line 742]
2011-09-30 17:21:11 Warning: Warning (2): mysql_connect() [<a href='http://php.net/function.mysql-connect'>function.mysql-connect</a>]: Can't connect to local MySQL server through socket '/var/run/mysqld/mysqld.sock' (2) in [/var/www/cake/cake/libs/model/datasources/dbo/dbo_mysql.php, line 561]
2011-09-30 17:21:11 Warning: Warning (2): mysql_query(): supplied argument is not a valid MySQL-Link resource in [/var/www/cake/cake/libs/model/datasources/dbo/dbo_mysql.php, line 613]
2011-09-30 17:21:11 Warning: Warning (2): Cannot modify header information - headers already sent by (output started at /var/www/cake/cake/libs/debugger.php:683) in [/var/www/cake/cake/libs/controller/controller.php, line 742]
2011-09-30 17:21:27 Warning: Warning (2): mysql_connect() [<a href='http://php.net/function.mysql-connect'>function.mysql-connect</a>]: Can't connect to local MySQL server through socket '/var/run/mysqld/mysqld.sock' (2) in [/var/www/cake/cake/libs/model/datasources/dbo/dbo_mysql.php, line 561]
2011-09-30 17:21:27 Warning: Warning (2): mysql_query(): supplied argument is not a valid MySQL-Link resource in [/var/www/cake/cake/libs/model/datasources/dbo/dbo_mysql.php, line 613]
2011-09-30 17:21:27 Warning: Warning (2): Cannot modify header information - headers already sent by (output started at /var/www/cake/cake/libs/debugger.php:683) in [/var/www/cake/cake/libs/controller/controller.php, line 742]
2011-09-30 17:21:40 Warning: Warning (2): mysql_connect() [<a href='http://php.net/function.mysql-connect'>function.mysql-connect</a>]: Can't connect to local MySQL server through socket '/var/run/mysqld/mysqld.sock' (2) in [/var/www/cake/cake/libs/model/datasources/dbo/dbo_mysql.php, line 561]
2011-09-30 17:21:40 Warning: Warning (2): mysql_query(): supplied argument is not a valid MySQL-Link resource in [/var/www/cake/cake/libs/model/datasources/dbo/dbo_mysql.php, line 613]
2011-09-30 17:21:40 Warning: Warning (2): Cannot modify header information - headers already sent by (output started at /var/www/cake/cake/libs/debugger.php:683) in [/var/www/cake/cake/libs/controller/controller.php, line 742]
2011-09-30 17:22:37 Warning: Warning (2): mysql_connect() [<a href='http://php.net/function.mysql-connect'>function.mysql-connect</a>]: Can't connect to local MySQL server through socket '/var/run/mysqld/mysqld.sock' (2) in [/var/www/cake/cake/libs/model/datasources/dbo/dbo_mysql.php, line 561]
2011-09-30 17:22:37 Warning: Warning (2): mysql_query(): supplied argument is not a valid MySQL-Link resource in [/var/www/cake/cake/libs/model/datasources/dbo/dbo_mysql.php, line 613]
2011-09-30 17:22:37 Warning: Warning (2): Cannot modify header information - headers already sent by (output started at /var/www/cake/cake/libs/debugger.php:683) in [/var/www/cake/cake/libs/controller/controller.php, line 742]
2011-09-30 17:23:12 Warning: Warning (2): mysql_connect() [<a href='http://php.net/function.mysql-connect'>function.mysql-connect</a>]: Can't connect to local MySQL server through socket '/var/run/mysqld/mysqld.sock' (2) in [/var/www/cake/cake/libs/model/datasources/dbo/dbo_mysql.php, line 561]
2011-09-30 17:23:12 Warning: Warning (2): mysql_query(): supplied argument is not a valid MySQL-Link resource in [/var/www/cake/cake/libs/model/datasources/dbo/dbo_mysql.php, line 613]
2011-09-30 17:23:12 Warning: Warning (2): Cannot modify header information - headers already sent by (output started at /var/www/cake/cake/libs/debugger.php:683) in [/var/www/cake/cake/libs/controller/controller.php, line 742]
2011-09-30 17:24:48 Warning: Warning (2): mysql_connect() [<a href='http://php.net/function.mysql-connect'>function.mysql-connect</a>]: Can't connect to local MySQL server through socket '/var/run/mysqld/mysqld.sock' (2) in [/var/www/cake/cake/libs/model/datasources/dbo/dbo_mysql.php, line 561]
2011-09-30 17:24:48 Warning: Warning (2): mysql_query(): supplied argument is not a valid MySQL-Link resource in [/var/www/cake/cake/libs/model/datasources/dbo/dbo_mysql.php, line 613]
2011-09-30 17:24:48 Warning: Warning (2): Cannot modify header information - headers already sent by (output started at /var/www/cake/cake/libs/debugger.php:683) in [/var/www/cake/cake/libs/controller/controller.php, line 742]
2011-09-30 17:24:55 Warning: Warning (2): mysql_connect() [<a href='http://php.net/function.mysql-connect'>function.mysql-connect</a>]: Can't connect to local MySQL server through socket '/var/run/mysqld/mysqld.sock' (2) in [/var/www/cake/cake/libs/model/datasources/dbo/dbo_mysql.php, line 561]
2011-09-30 17:24:55 Warning: Warning (2): mysql_query(): supplied argument is not a valid MySQL-Link resource in [/var/www/cake/cake/libs/model/datasources/dbo/dbo_mysql.php, line 613]
2011-09-30 17:24:55 Warning: Warning (2): Cannot modify header information - headers already sent by (output started at /var/www/cake/cake/libs/debugger.php:683) in [/var/www/cake/cake/libs/controller/controller.php, line 742]
2011-09-30 17:25:41 Warning: Warning (2): mysql_connect() [<a href='http://php.net/function.mysql-connect'>function.mysql-connect</a>]: Can't connect to local MySQL server through socket '/var/run/mysqld/mysqld.sock' (2) in [/var/www/cake/cake/libs/model/datasources/dbo/dbo_mysql.php, line 561]
2011-09-30 17:25:41 Warning: Warning (2): mysql_query(): supplied argument is not a valid MySQL-Link resource in [/var/www/cake/cake/libs/model/datasources/dbo/dbo_mysql.php, line 613]
2011-09-30 17:25:41 Warning: Warning (2): Cannot modify header information - headers already sent by (output started at /var/www/cake/cake/libs/debugger.php:683) in [/var/www/cake/cake/libs/controller/controller.php, line 742]
2011-09-30 17:26:18 Warning: Warning (2): mysql_connect() [<a href='http://php.net/function.mysql-connect'>function.mysql-connect</a>]: Can't connect to local MySQL server through socket '/var/run/mysqld/mysqld.sock' (2) in [/var/www/cake/cake/libs/model/datasources/dbo/dbo_mysql.php, line 561]
2011-09-30 17:26:18 Warning: Warning (2): mysql_query(): supplied argument is not a valid MySQL-Link resource in [/var/www/cake/cake/libs/model/datasources/dbo/dbo_mysql.php, line 613]
2011-09-30 17:26:18 Warning: Warning (2): Cannot modify header information - headers already sent by (output started at /var/www/cake/cake/libs/debugger.php:683) in [/var/www/cake/cake/libs/controller/controller.php, line 742]
2011-09-30 17:27:14 Warning: Warning (2): mysql_connect() [<a href='http://php.net/function.mysql-connect'>function.mysql-connect</a>]: Can't connect to local MySQL server through socket '/var/run/mysqld/mysqld.sock' (2) in [/var/www/cake/cake/libs/model/datasources/dbo/dbo_mysql.php, line 561]
2011-09-30 17:27:14 Warning: Warning (2): mysql_query(): supplied argument is not a valid MySQL-Link resource in [/var/www/cake/cake/libs/model/datasources/dbo/dbo_mysql.php, line 613]
2011-09-30 17:27:14 Warning: Warning (2): Cannot modify header information - headers already sent by (output started at /var/www/cake/cake/libs/debugger.php:683) in [/var/www/cake/cake/libs/controller/controller.php, line 742]
2011-09-30 17:27:19 Warning: Warning (2): mysql_connect() [<a href='http://php.net/function.mysql-connect'>function.mysql-connect</a>]: Can't connect to local MySQL server through socket '/var/run/mysqld/mysqld.sock' (2) in [/var/www/cake/cake/libs/model/datasources/dbo/dbo_mysql.php, line 561]
2011-09-30 17:27:19 Warning: Warning (2): mysql_query(): supplied argument is not a valid MySQL-Link resource in [/var/www/cake/cake/libs/model/datasources/dbo/dbo_mysql.php, line 613]
2011-09-30 17:27:19 Warning: Warning (2): Cannot modify header information - headers already sent by (output started at /var/www/cake/cake/libs/debugger.php:683) in [/var/www/cake/cake/libs/controller/controller.php, line 742]
2011-09-30 17:40:29 Warning: Warning (2): mysql_connect() [<a href='http://php.net/function.mysql-connect'>function.mysql-connect</a>]: Can't connect to local MySQL server through socket '/var/run/mysqld/mysqld.sock' (2) in [/var/www/cake/cake/libs/model/datasources/dbo/dbo_mysql.php, line 561]
2011-09-30 17:40:29 Warning: Warning (2): mysql_query(): supplied argument is not a valid MySQL-Link resource in [/var/www/cake/cake/libs/model/datasources/dbo/dbo_mysql.php, line 613]
2011-09-30 17:40:29 Warning: Warning (2): Cannot modify header information - headers already sent by (output started at /var/www/cake/cake/libs/debugger.php:683) in [/var/www/cake/cake/libs/controller/controller.php, line 742]
2011-09-30 17:40:45 Warning: Warning (2): mysql_connect() [<a href='http://php.net/function.mysql-connect'>function.mysql-connect</a>]: Can't connect to local MySQL server through socket '/var/run/mysqld/mysqld.sock' (2) in [/var/www/cake/cake/libs/model/datasources/dbo/dbo_mysql.php, line 561]
2011-09-30 17:40:45 Warning: Warning (2): mysql_query(): supplied argument is not a valid MySQL-Link resource in [/var/www/cake/cake/libs/model/datasources/dbo/dbo_mysql.php, line 613]
2011-09-30 17:40:45 Warning: Warning (2): Cannot modify header information - headers already sent by (output started at /var/www/cake/cake/libs/debugger.php:683) in [/var/www/cake/cake/libs/controller/controller.php, line 742]
2011-09-30 17:40:45 Warning: Warning (2): mysql_connect() [<a href='http://php.net/function.mysql-connect'>function.mysql-connect</a>]: Can't connect to local MySQL server through socket '/var/run/mysqld/mysqld.sock' (2) in [/var/www/cake/cake/libs/model/datasources/dbo/dbo_mysql.php, line 561]
2011-09-30 17:40:45 Warning: Warning (2): mysql_query(): supplied argument is not a valid MySQL-Link resource in [/var/www/cake/cake/libs/model/datasources/dbo/dbo_mysql.php, line 613]
2011-09-30 17:40:45 Warning: Warning (2): Cannot modify header information - headers already sent by (output started at /var/www/cake/cake/libs/debugger.php:683) in [/var/www/cake/cake/libs/controller/controller.php, line 742]
2011-09-30 17:40:53 Warning: Warning (2): mysql_connect() [<a href='http://php.net/function.mysql-connect'>function.mysql-connect</a>]: Can't connect to local MySQL server through socket '/var/run/mysqld/mysqld.sock' (2) in [/var/www/cake/cake/libs/model/datasources/dbo/dbo_mysql.php, line 561]
2011-09-30 17:40:53 Warning: Warning (2): mysql_query(): supplied argument is not a valid MySQL-Link resource in [/var/www/cake/cake/libs/model/datasources/dbo/dbo_mysql.php, line 613]
2011-09-30 17:40:53 Warning: Warning (2): Cannot modify header information - headers already sent by (output started at /var/www/cake/cake/libs/debugger.php:683) in [/var/www/cake/cake/libs/controller/controller.php, line 742]
2011-09-30 17:42:24 Warning: Warning (2): mysql_connect() [<a href='http://php.net/function.mysql-connect'>function.mysql-connect</a>]: Can't connect to local MySQL server through socket '/var/run/mysqld/mysqld.sock' (2) in [/var/www/cake/cake/libs/model/datasources/dbo/dbo_mysql.php, line 561]
2011-09-30 17:42:24 Warning: Warning (2): mysql_query(): supplied argument is not a valid MySQL-Link resource in [/var/www/cake/cake/libs/model/datasources/dbo/dbo_mysql.php, line 613]
2011-09-30 17:42:24 Warning: Warning (2): Cannot modify header information - headers already sent by (output started at /var/www/cake/cake/libs/debugger.php:683) in [/var/www/cake/cake/libs/controller/controller.php, line 742]
2011-09-30 17:52:03 Warning: Warning (2): mysql_connect() [<a href='http://php.net/function.mysql-connect'>function.mysql-connect</a>]: Can't connect to local MySQL server through socket '/var/run/mysqld/mysqld.sock' (2) in [/var/www/cake/cake/libs/model/datasources/dbo/dbo_mysql.php, line 561]
2011-09-30 17:52:03 Warning: Warning (2): mysql_query(): supplied argument is not a valid MySQL-Link resource in [/var/www/cake/cake/libs/model/datasources/dbo/dbo_mysql.php, line 613]
2011-09-30 17:52:03 Warning: Warning (2): Cannot modify header information - headers already sent by (output started at /var/www/cake/cake/libs/debugger.php:683) in [/var/www/cake/cake/libs/controller/controller.php, line 742]
2011-09-30 17:52:07 Warning: Warning (2): mysql_connect() [<a href='http://php.net/function.mysql-connect'>function.mysql-connect</a>]: Can't connect to local MySQL server through socket '/var/run/mysqld/mysqld.sock' (2) in [/var/www/cake/cake/libs/model/datasources/dbo/dbo_mysql.php, line 561]
2011-09-30 17:52:07 Warning: Warning (2): mysql_query(): supplied argument is not a valid MySQL-Link resource in [/var/www/cake/cake/libs/model/datasources/dbo/dbo_mysql.php, line 613]
2011-09-30 17:52:07 Warning: Warning (2): Cannot modify header information - headers already sent by (output started at /var/www/cake/cake/libs/debugger.php:683) in [/var/www/cake/cake/libs/controller/controller.php, line 742]
2011-09-30 17:52:41 Warning: Warning (2): mysql_connect() [<a href='http://php.net/function.mysql-connect'>function.mysql-connect</a>]: Can't connect to local MySQL server through socket '/var/run/mysqld/mysqld.sock' (2) in [/var/www/cake/cake/libs/model/datasources/dbo/dbo_mysql.php, line 561]
2011-09-30 17:52:41 Warning: Warning (2): mysql_query(): supplied argument is not a valid MySQL-Link resource in [/var/www/cake/cake/libs/model/datasources/dbo/dbo_mysql.php, line 613]
2011-09-30 17:52:41 Warning: Warning (2): Cannot modify header information - headers already sent by (output started at /var/www/cake/cake/libs/debugger.php:683) in [/var/www/cake/cake/libs/controller/controller.php, line 742]
2011-09-30 17:53:23 Warning: Warning (2): mysql_connect() [<a href='http://php.net/function.mysql-connect'>function.mysql-connect</a>]: Can't connect to local MySQL server through socket '/var/run/mysqld/mysqld.sock' (2) in [/var/www/cake/cake/libs/model/datasources/dbo/dbo_mysql.php, line 561]
2011-09-30 17:53:23 Warning: Warning (2): mysql_query(): supplied argument is not a valid MySQL-Link resource in [/var/www/cake/cake/libs/model/datasources/dbo/dbo_mysql.php, line 613]
2011-09-30 17:53:23 Warning: Warning (2): Cannot modify header information - headers already sent by (output started at /var/www/cake/cake/libs/debugger.php:683) in [/var/www/cake/cake/libs/controller/controller.php, line 742]
2011-09-30 17:53:58 Warning: Warning (2): mysql_connect() [<a href='http://php.net/function.mysql-connect'>function.mysql-connect</a>]: Can't connect to local MySQL server through socket '/var/run/mysqld/mysqld.sock' (2) in [/var/www/cake/cake/libs/model/datasources/dbo/dbo_mysql.php, line 561]
2011-09-30 17:53:59 Warning: Warning (2): mysql_query(): supplied argument is not a valid MySQL-Link resource in [/var/www/cake/cake/libs/model/datasources/dbo/dbo_mysql.php, line 613]
2011-09-30 17:53:59 Warning: Warning (2): Cannot modify header information - headers already sent by (output started at /var/www/cake/cake/libs/debugger.php:683) in [/var/www/cake/cake/libs/controller/controller.php, line 742]
2011-09-30 17:54:15 Warning: Warning (2): mysql_connect() [<a href='http://php.net/function.mysql-connect'>function.mysql-connect</a>]: Can't connect to local MySQL server through socket '/var/run/mysqld/mysqld.sock' (2) in [/var/www/cake/cake/libs/model/datasources/dbo/dbo_mysql.php, line 561]
2011-09-30 17:54:15 Warning: Warning (2): mysql_query(): supplied argument is not a valid MySQL-Link resource in [/var/www/cake/cake/libs/model/datasources/dbo/dbo_mysql.php, line 613]
2011-09-30 17:54:15 Warning: Warning (2): Cannot modify header information - headers already sent by (output started at /var/www/cake/cake/libs/debugger.php:683) in [/var/www/cake/cake/libs/controller/controller.php, line 742]
2011-09-30 17:58:08 Warning: Warning (2): mysql_connect() [<a href='http://php.net/function.mysql-connect'>function.mysql-connect</a>]: Can't connect to local MySQL server through socket '/var/run/mysqld/mysqld.sock' (2) in [/var/www/cake/cake/libs/model/datasources/dbo/dbo_mysql.php, line 561]
2011-09-30 17:58:08 Warning: Warning (2): mysql_query(): supplied argument is not a valid MySQL-Link resource in [/var/www/cake/cake/libs/model/datasources/dbo/dbo_mysql.php, line 613]
2011-09-30 17:58:08 Warning: Warning (2): Cannot modify header information - headers already sent by (output started at /var/www/cake/cake/libs/debugger.php:683) in [/var/www/cake/cake/libs/controller/controller.php, line 742]
2011-09-30 17:58:33 Warning: Warning (2): mysql_connect() [<a href='http://php.net/function.mysql-connect'>function.mysql-connect</a>]: Can't connect to local MySQL server through socket '/var/run/mysqld/mysqld.sock' (2) in [/var/www/cake/cake/libs/model/datasources/dbo/dbo_mysql.php, line 561]
2011-09-30 17:58:33 Warning: Warning (2): mysql_query(): supplied argument is not a valid MySQL-Link resource in [/var/www/cake/cake/libs/model/datasources/dbo/dbo_mysql.php, line 613]
2011-09-30 17:58:33 Warning: Warning (2): Cannot modify header information - headers already sent by (output started at /var/www/cake/cake/libs/debugger.php:683) in [/var/www/cake/cake/libs/controller/controller.php, line 742]
2011-09-30 18:00:28 Warning: Warning (2): mysql_connect() [<a href='http://php.net/function.mysql-connect'>function.mysql-connect</a>]: Can't connect to local MySQL server through socket '/var/run/mysqld/mysqld.sock' (2) in [/var/www/cake/cake/libs/model/datasources/dbo/dbo_mysql.php, line 561]
2011-09-30 18:00:28 Warning: Warning (2): mysql_query(): supplied argument is not a valid MySQL-Link resource in [/var/www/cake/cake/libs/model/datasources/dbo/dbo_mysql.php, line 613]
2011-09-30 18:00:28 Warning: Warning (2): Cannot modify header information - headers already sent by (output started at /var/www/cake/cake/libs/debugger.php:683) in [/var/www/cake/cake/libs/controller/controller.php, line 742]
2011-09-30 18:00:39 Warning: Warning (2): mysql_connect() [<a href='http://php.net/function.mysql-connect'>function.mysql-connect</a>]: Can't connect to local MySQL server through socket '/var/run/mysqld/mysqld.sock' (2) in [/var/www/cake/cake/libs/model/datasources/dbo/dbo_mysql.php, line 561]
2011-09-30 18:00:39 Warning: Warning (2): mysql_query(): supplied argument is not a valid MySQL-Link resource in [/var/www/cake/cake/libs/model/datasources/dbo/dbo_mysql.php, line 613]
2011-09-30 18:00:39 Warning: Warning (2): Cannot modify header information - headers already sent by (output started at /var/www/cake/cake/libs/debugger.php:683) in [/var/www/cake/cake/libs/controller/controller.php, line 742]
2011-09-30 18:01:37 Warning: Warning (2): mysql_connect() [<a href='http://php.net/function.mysql-connect'>function.mysql-connect</a>]: Can't connect to local MySQL server through socket '/var/run/mysqld/mysqld.sock' (2) in [/var/www/cake/cake/libs/model/datasources/dbo/dbo_mysql.php, line 561]
2011-09-30 18:01:37 Warning: Warning (2): mysql_query(): supplied argument is not a valid MySQL-Link resource in [/var/www/cake/cake/libs/model/datasources/dbo/dbo_mysql.php, line 613]
2011-09-30 18:01:37 Warning: Warning (2): Cannot modify header information - headers already sent by (output started at /var/www/cake/cake/libs/debugger.php:683) in [/var/www/cake/cake/libs/controller/controller.php, line 742]
2011-09-30 18:02:37 Warning: Warning (2): mysql_connect() [<a href='http://php.net/function.mysql-connect'>function.mysql-connect</a>]: Can't connect to local MySQL server through socket '/var/run/mysqld/mysqld.sock' (2) in [/var/www/cake/cake/libs/model/datasources/dbo/dbo_mysql.php, line 561]
2011-09-30 18:02:37 Warning: Warning (2): mysql_query(): supplied argument is not a valid MySQL-Link resource in [/var/www/cake/cake/libs/model/datasources/dbo/dbo_mysql.php, line 613]
2011-09-30 18:02:37 Warning: Warning (2): Cannot modify header information - headers already sent by (output started at /var/www/cake/cake/libs/debugger.php:683) in [/var/www/cake/cake/libs/controller/controller.php, line 742]
2011-09-30 18:03:17 Warning: Warning (2): mysql_connect() [<a href='http://php.net/function.mysql-connect'>function.mysql-connect</a>]: Can't connect to local MySQL server through socket '/var/run/mysqld/mysqld.sock' (2) in [/var/www/cake/cake/libs/model/datasources/dbo/dbo_mysql.php, line 561]
2011-09-30 18:03:17 Warning: Warning (2): mysql_query(): supplied argument is not a valid MySQL-Link resource in [/var/www/cake/cake/libs/model/datasources/dbo/dbo_mysql.php, line 613]
2011-09-30 18:03:17 Warning: Warning (2): Cannot modify header information - headers already sent by (output started at /var/www/cake/cake/libs/debugger.php:683) in [/var/www/cake/cake/libs/controller/controller.php, line 742]
2011-09-30 18:21:11 Warning: Warning (2): mysql_connect() [<a href='http://php.net/function.mysql-connect'>function.mysql-connect</a>]: Access denied for user 'nazwa_uzytkownik'@'localhost' (using password: YES) in [/var/www/cake/cake/libs/model/datasources/dbo/dbo_mysql.php, line 561]
2011-09-30 18:21:11 Warning: Warning (2): mysql_query(): supplied argument is not a valid MySQL-Link resource in [/var/www/cake/cake/libs/model/datasources/dbo/dbo_mysql.php, line 613]
2011-09-30 18:21:11 Warning: Warning (2): Cannot modify header information - headers already sent by (output started at /var/www/cake/cake/libs/debugger.php:683) in [/var/www/cake/cake/libs/controller/controller.php, line 742]
2011-09-30 18:23:36 Warning: Warning (2): mysql_connect() [<a href='http://php.net/function.mysql-connect'>function.mysql-connect</a>]: Access denied for user 'nazwa_uzytkownik'@'localhost' (using password: YES) in [/var/www/cake/cake/libs/model/datasources/dbo/dbo_mysql.php, line 561]
2011-09-30 18:23:36 Warning: Warning (2): mysql_query(): supplied argument is not a valid MySQL-Link resource in [/var/www/cake/cake/libs/model/datasources/dbo/dbo_mysql.php, line 613]
2011-09-30 18:23:36 Warning: Warning (2): Cannot modify header information - headers already sent by (output started at /var/www/cake/cake/libs/debugger.php:683) in [/var/www/cake/cake/libs/controller/controller.php, line 742]
2011-09-30 18:24:01 Warning: Warning (2): mysql_connect() [<a href='http://php.net/function.mysql-connect'>function.mysql-connect</a>]: Access denied for user 'cakeacl'@'localhost' (using password: YES) in [/var/www/cake/cake/libs/model/datasources/dbo/dbo_mysql.php, line 561]
2011-09-30 18:24:01 Warning: Warning (2): mysql_query(): supplied argument is not a valid MySQL-Link resource in [/var/www/cake/cake/libs/model/datasources/dbo/dbo_mysql.php, line 613]
2011-09-30 18:24:01 Warning: Warning (2): Cannot modify header information - headers already sent by (output started at /var/www/cake/cake/libs/debugger.php:683) in [/var/www/cake/cake/libs/controller/controller.php, line 742]
2011-09-30 18:24:02 Warning: Warning (2): mysql_connect() [<a href='http://php.net/function.mysql-connect'>function.mysql-connect</a>]: Access denied for user 'cakeacl'@'localhost' (using password: YES) in [/var/www/cake/cake/libs/model/datasources/dbo/dbo_mysql.php, line 561]
2011-09-30 18:24:02 Warning: Warning (2): mysql_query(): supplied argument is not a valid MySQL-Link resource in [/var/www/cake/cake/libs/model/datasources/dbo/dbo_mysql.php, line 613]
2011-09-30 18:24:02 Warning: Warning (2): Cannot modify header information - headers already sent by (output started at /var/www/cake/cake/libs/debugger.php:683) in [/var/www/cake/cake/libs/controller/controller.php, line 742]
2011-09-30 19:45:08 Warning: Warning (2): mysql_connect() [<a href='http://php.net/function.mysql-connect'>function.mysql-connect</a>]: Can't connect to local MySQL server through socket '/var/run/mysqld/mysqld.sock' (2) in [/var/www/cake/cake/libs/model/datasources/dbo/dbo_mysql.php, line 561]
2011-09-30 19:45:08 Warning: Warning (2): mysql_query(): supplied argument is not a valid MySQL-Link resource in [/var/www/cake/cake/libs/model/datasources/dbo/dbo_mysql.php, line 613]
2011-09-30 19:45:08 Warning: Warning (2): Cannot modify header information - headers already sent by (output started at /var/www/cake/cake/libs/debugger.php:683) in [/var/www/cake/cake/libs/controller/controller.php, line 742]
2011-09-30 19:45:24 Warning: Warning (2): mysql_connect() [<a href='http://php.net/function.mysql-connect'>function.mysql-connect</a>]: Can't connect to local MySQL server through socket '/var/run/mysqld/mysqld.sock' (2) in [/var/www/cake/cake/libs/model/datasources/dbo/dbo_mysql.php, line 561]
2011-09-30 19:45:24 Warning: Warning (2): mysql_query(): supplied argument is not a valid MySQL-Link resource in [/var/www/cake/cake/libs/model/datasources/dbo/dbo_mysql.php, line 613]
2011-09-30 19:45:24 Warning: Warning (2): Cannot modify header information - headers already sent by (output started at /var/www/cake/cake/libs/debugger.php:683) in [/var/www/cake/cake/libs/controller/controller.php, line 742]
2011-09-30 19:45:25 Warning: Warning (2): mysql_connect() [<a href='http://php.net/function.mysql-connect'>function.mysql-connect</a>]: Can't connect to local MySQL server through socket '/var/run/mysqld/mysqld.sock' (2) in [/var/www/cake/cake/libs/model/datasources/dbo/dbo_mysql.php, line 561]
2011-09-30 19:45:25 Warning: Warning (2): mysql_query(): supplied argument is not a valid MySQL-Link resource in [/var/www/cake/cake/libs/model/datasources/dbo/dbo_mysql.php, line 613]
2011-09-30 19:45:25 Warning: Warning (2): Cannot modify header information - headers already sent by (output started at /var/www/cake/cake/libs/debugger.php:683) in [/var/www/cake/cake/libs/controller/controller.php, line 742]
2011-09-30 19:45:31 Warning: Warning (2): mysql_connect() [<a href='http://php.net/function.mysql-connect'>function.mysql-connect</a>]: Can't connect to local MySQL server through socket '/var/run/mysqld/mysqld.sock' (2) in [/var/www/cake/cake/libs/model/datasources/dbo/dbo_mysql.php, line 561]
2011-09-30 19:45:31 Warning: Warning (2): mysql_query(): supplied argument is not a valid MySQL-Link resource in [/var/www/cake/cake/libs/model/datasources/dbo/dbo_mysql.php, line 613]
2011-09-30 19:45:31 Warning: Warning (2): Cannot modify header information - headers already sent by (output started at /var/www/cake/cake/libs/debugger.php:683) in [/var/www/cake/cake/libs/controller/controller.php, line 742]
2011-09-30 19:45:34 Warning: Warning (2): mysql_connect() [<a href='http://php.net/function.mysql-connect'>function.mysql-connect</a>]: Can't connect to local MySQL server through socket '/var/run/mysqld/mysqld.sock' (2) in [/var/www/cake/cake/libs/model/datasources/dbo/dbo_mysql.php, line 561]
2011-09-30 19:45:34 Warning: Warning (2): mysql_query(): supplied argument is not a valid MySQL-Link resource in [/var/www/cake/cake/libs/model/datasources/dbo/dbo_mysql.php, line 613]
2011-09-30 19:45:34 Warning: Warning (2): Cannot modify header information - headers already sent by (output started at /var/www/cake/cake/libs/debugger.php:683) in [/var/www/cake/cake/libs/controller/controller.php, line 742]
2011-09-30 19:45:45 Warning: Warning (2): mysql_connect() [<a href='http://php.net/function.mysql-connect'>function.mysql-connect</a>]: Can't connect to local MySQL server through socket '/var/run/mysqld/mysqld.sock' (2) in [/var/www/cake/cake/libs/model/datasources/dbo/dbo_mysql.php, line 561]
2011-09-30 19:45:45 Warning: Warning (2): mysql_query(): supplied argument is not a valid MySQL-Link resource in [/var/www/cake/cake/libs/model/datasources/dbo/dbo_mysql.php, line 613]
2011-09-30 19:45:45 Warning: Warning (2): Cannot modify header information - headers already sent by (output started at /var/www/cake/cake/libs/debugger.php:683) in [/var/www/cake/cake/libs/controller/controller.php, line 742]
2011-09-30 19:47:15 Warning: Warning (2): mysql_connect() [<a href='http://php.net/function.mysql-connect'>function.mysql-connect</a>]: Can't connect to local MySQL server through socket '/var/run/mysqld/mysqld.sock' (2) in [/var/www/cake/cake/libs/model/datasources/dbo/dbo_mysql.php, line 561]
2011-09-30 19:47:15 Warning: Warning (2): mysql_query(): supplied argument is not a valid MySQL-Link resource in [/var/www/cake/cake/libs/model/datasources/dbo/dbo_mysql.php, line 613]
2011-09-30 19:47:15 Warning: Warning (2): Cannot modify header information - headers already sent by (output started at /var/www/cake/cake/libs/debugger.php:683) in [/var/www/cake/cake/libs/controller/controller.php, line 742]
2011-09-30 19:47:20 Warning: Warning (2): mysql_connect() [<a href='http://php.net/function.mysql-connect'>function.mysql-connect</a>]: Can't connect to local MySQL server through socket '/var/run/mysqld/mysqld.sock' (2) in [/var/www/cake/cake/libs/model/datasources/dbo/dbo_mysql.php, line 561]
2011-09-30 19:47:20 Warning: Warning (2): mysql_query(): supplied argument is not a valid MySQL-Link resource in [/var/www/cake/cake/libs/model/datasources/dbo/dbo_mysql.php, line 613]
2011-09-30 19:47:20 Warning: Warning (2): Cannot modify header information - headers already sent by (output started at /var/www/cake/cake/libs/debugger.php:683) in [/var/www/cake/cake/libs/controller/controller.php, line 742]
2011-09-30 19:47:31 Warning: Warning (2): mysql_connect() [<a href='http://php.net/function.mysql-connect'>function.mysql-connect</a>]: Can't connect to local MySQL server through socket '/var/run/mysqld/mysqld.sock' (2) in [/var/www/cake/cake/libs/model/datasources/dbo/dbo_mysql.php, line 561]
2011-09-30 19:47:31 Warning: Warning (2): mysql_query(): supplied argument is not a valid MySQL-Link resource in [/var/www/cake/cake/libs/model/datasources/dbo/dbo_mysql.php, line 613]
2011-09-30 19:47:31 Warning: Warning (2): Cannot modify header information - headers already sent by (output started at /var/www/cake/cake/libs/debugger.php:683) in [/var/www/cake/cake/libs/controller/controller.php, line 742]
2011-09-30 19:49:04 Warning: Warning (2): mysql_connect() [<a href='http://php.net/function.mysql-connect'>function.mysql-connect</a>]: Can't connect to local MySQL server through socket '/var/run/mysqld/mysqld.sock' (2) in [/var/www/cake/cake/libs/model/datasources/dbo/dbo_mysql.php, line 561]
2011-09-30 19:49:04 Warning: Warning (2): mysql_query(): supplied argument is not a valid MySQL-Link resource in [/var/www/cake/cake/libs/model/datasources/dbo/dbo_mysql.php, line 613]
2011-09-30 19:49:04 Warning: Warning (2): Cannot modify header information - headers already sent by (output started at /var/www/cake/cake/libs/debugger.php:683) in [/var/www/cake/cake/libs/controller/controller.php, line 742]
2011-09-30 19:49:16 Warning: Warning (2): mysql_connect() [<a href='http://php.net/function.mysql-connect'>function.mysql-connect</a>]: Can't connect to local MySQL server through socket '/var/run/mysqld/mysqld.sock' (2) in [/var/www/cake/cake/libs/model/datasources/dbo/dbo_mysql.php, line 561]
2011-09-30 19:49:16 Warning: Warning (2): mysql_query(): supplied argument is not a valid MySQL-Link resource in [/var/www/cake/cake/libs/model/datasources/dbo/dbo_mysql.php, line 613]
2011-09-30 19:49:16 Warning: Warning (2): Cannot modify header information - headers already sent by (output started at /var/www/cake/cake/libs/debugger.php:683) in [/var/www/cake/cake/libs/controller/controller.php, line 742]
2011-09-30 19:49:24 Warning: Warning (2): mysql_connect() [<a href='http://php.net/function.mysql-connect'>function.mysql-connect</a>]: Can't connect to local MySQL server through socket '/var/run/mysqld/mysqld.sock' (2) in [/var/www/cake/cake/libs/model/datasources/dbo/dbo_mysql.php, line 561]
2011-09-30 19:49:24 Warning: Warning (2): mysql_query(): supplied argument is not a valid MySQL-Link resource in [/var/www/cake/cake/libs/model/datasources/dbo/dbo_mysql.php, line 613]
2011-09-30 19:49:24 Warning: Warning (2): Cannot modify header information - headers already sent by (output started at /var/www/cake/cake/libs/debugger.php:683) in [/var/www/cake/cake/libs/controller/controller.php, line 742]
2011-09-30 19:52:24 Warning: Warning (2): mysql_connect() [<a href='http://php.net/function.mysql-connect'>function.mysql-connect</a>]: Can't connect to local MySQL server through socket '/var/run/mysqld/mysqld.sock' (2) in [/var/www/cake/cake/libs/model/datasources/dbo/dbo_mysql.php, line 561]
2011-09-30 19:52:24 Warning: Warning (2): mysql_query(): supplied argument is not a valid MySQL-Link resource in [/var/www/cake/cake/libs/model/datasources/dbo/dbo_mysql.php, line 613]
2011-09-30 19:52:24 Warning: Warning (2): Cannot modify header information - headers already sent by (output started at /var/www/cake/cake/libs/debugger.php:683) in [/var/www/cake/cake/libs/controller/controller.php, line 742]
2011-09-30 19:53:37 Warning: Warning (2): mysql_connect() [<a href='http://php.net/function.mysql-connect'>function.mysql-connect</a>]: Can't connect to local MySQL server through socket '/var/run/mysqld/mysqld.sock' (2) in [/var/www/cake/cake/libs/model/datasources/dbo/dbo_mysql.php, line 561]
2011-09-30 19:53:37 Warning: Warning (2): mysql_query(): supplied argument is not a valid MySQL-Link resource in [/var/www/cake/cake/libs/model/datasources/dbo/dbo_mysql.php, line 613]
2011-09-30 19:53:37 Warning: Warning (2): Cannot modify header information - headers already sent by (output started at /var/www/cake/cake/libs/debugger.php:683) in [/var/www/cake/cake/libs/controller/controller.php, line 742]
2011-09-30 19:55:02 Warning: Warning (2): mysql_connect() [<a href='http://php.net/function.mysql-connect'>function.mysql-connect</a>]: Can't connect to local MySQL server through socket '/var/run/mysqld/mysqld.sock' (2) in [/var/www/cake/cake/libs/model/datasources/dbo/dbo_mysql.php, line 561]
2011-09-30 19:55:02 Warning: Warning (2): mysql_query(): supplied argument is not a valid MySQL-Link resource in [/var/www/cake/cake/libs/model/datasources/dbo/dbo_mysql.php, line 613]
2011-09-30 19:55:02 Warning: Warning (2): Cannot modify header information - headers already sent by (output started at /var/www/cake/cake/libs/debugger.php:683) in [/var/www/cake/cake/libs/controller/controller.php, line 742]
2011-09-30 19:55:20 Warning: Warning (2): mysql_connect() [<a href='http://php.net/function.mysql-connect'>function.mysql-connect</a>]: Can't connect to local MySQL server through socket '/var/run/mysqld/mysqld.sock' (2) in [/var/www/cake/cake/libs/model/datasources/dbo/dbo_mysql.php, line 561]
2011-09-30 19:55:20 Warning: Warning (2): mysql_query(): supplied argument is not a valid MySQL-Link resource in [/var/www/cake/cake/libs/model/datasources/dbo/dbo_mysql.php, line 613]
2011-09-30 19:55:20 Warning: Warning (2): Cannot modify header information - headers already sent by (output started at /var/www/cake/cake/libs/debugger.php:683) in [/var/www/cake/cake/libs/controller/controller.php, line 742]
2011-09-30 19:56:09 Warning: Warning (2): mysql_connect() [<a href='http://php.net/function.mysql-connect'>function.mysql-connect</a>]: Can't connect to local MySQL server through socket '/var/run/mysqld/mysqld.sock' (2) in [/var/www/cake/cake/libs/model/datasources/dbo/dbo_mysql.php, line 561]
2011-09-30 19:56:09 Warning: Warning (2): mysql_query(): supplied argument is not a valid MySQL-Link resource in [/var/www/cake/cake/libs/model/datasources/dbo/dbo_mysql.php, line 613]
2011-09-30 19:56:09 Warning: Warning (2): Cannot modify header information - headers already sent by (output started at /var/www/cake/cake/libs/debugger.php:683) in [/var/www/cake/cake/libs/controller/controller.php, line 742]
2011-09-30 19:57:03 Warning: Warning (2): mysql_connect() [<a href='http://php.net/function.mysql-connect'>function.mysql-connect</a>]: Can't connect to local MySQL server through socket '/var/run/mysqld/mysqld.sock' (2) in [/var/www/cake/cake/libs/model/datasources/dbo/dbo_mysql.php, line 561]
2011-09-30 19:57:03 Warning: Warning (2): mysql_query(): supplied argument is not a valid MySQL-Link resource in [/var/www/cake/cake/libs/model/datasources/dbo/dbo_mysql.php, line 613]
2011-09-30 19:57:03 Warning: Warning (2): Cannot modify header information - headers already sent by (output started at /var/www/cake/cake/libs/debugger.php:683) in [/var/www/cake/cake/libs/controller/controller.php, line 742]
2011-09-30 19:59:02 Warning: Warning (2): mysql_connect() [<a href='http://php.net/function.mysql-connect'>function.mysql-connect</a>]: Can't connect to local MySQL server through socket '/var/run/mysqld/mysqld.sock' (2) in [/var/www/cake/cake/libs/model/datasources/dbo/dbo_mysql.php, line 561]
2011-09-30 19:59:02 Warning: Warning (2): mysql_query(): supplied argument is not a valid MySQL-Link resource in [/var/www/cake/cake/libs/model/datasources/dbo/dbo_mysql.php, line 613]
2011-09-30 19:59:02 Warning: Warning (2): Cannot modify header information - headers already sent by (output started at /var/www/cake/cake/libs/debugger.php:683) in [/var/www/cake/cake/libs/controller/controller.php, line 742]
2011-09-30 19:59:03 Warning: Warning (2): mysql_connect() [<a href='http://php.net/function.mysql-connect'>function.mysql-connect</a>]: Can't connect to local MySQL server through socket '/var/run/mysqld/mysqld.sock' (2) in [/var/www/cake/cake/libs/model/datasources/dbo/dbo_mysql.php, line 561]
2011-09-30 19:59:03 Warning: Warning (2): mysql_query(): supplied argument is not a valid MySQL-Link resource in [/var/www/cake/cake/libs/model/datasources/dbo/dbo_mysql.php, line 613]
2011-09-30 19:59:03 Warning: Warning (2): Cannot modify header information - headers already sent by (output started at /var/www/cake/cake/libs/debugger.php:683) in [/var/www/cake/cake/libs/controller/controller.php, line 742]
2011-09-30 20:08:24 Warning: Warning (2): mysql_connect() [<a href='http://php.net/function.mysql-connect'>function.mysql-connect</a>]: Can't connect to local MySQL server through socket '/var/run/mysqld/mysqld.sock' (2) in [/var/www/cake/cake/libs/model/datasources/dbo/dbo_mysql.php, line 561]
2011-09-30 20:08:24 Warning: Warning (2): mysql_query(): supplied argument is not a valid MySQL-Link resource in [/var/www/cake/cake/libs/model/datasources/dbo/dbo_mysql.php, line 613]
2011-09-30 20:08:24 Warning: Warning (2): Cannot modify header information - headers already sent by (output started at /var/www/cake/cake/libs/debugger.php:683) in [/var/www/cake/cake/libs/controller/controller.php, line 742]
2011-09-30 20:08:45 Warning: Warning (2): mysql_connect() [<a href='http://php.net/function.mysql-connect'>function.mysql-connect</a>]: Can't connect to local MySQL server through socket '/var/run/mysqld/mysqld.sock' (2) in [/var/www/cake/cake/libs/model/datasources/dbo/dbo_mysql.php, line 561]
2011-09-30 20:08:45 Warning: Warning (2): mysql_query(): supplied argument is not a valid MySQL-Link resource in [/var/www/cake/cake/libs/model/datasources/dbo/dbo_mysql.php, line 613]
2011-09-30 20:08:45 Warning: Warning (2): Cannot modify header information - headers already sent by (output started at /var/www/cake/cake/libs/debugger.php:683) in [/var/www/cake/cake/libs/controller/controller.php, line 742]
2011-09-30 20:09:34 Warning: Warning (2): mysql_connect() [<a href='http://php.net/function.mysql-connect'>function.mysql-connect</a>]: Can't connect to local MySQL server through socket '/var/run/mysqld/mysqld.sock' (2) in [/var/www/cake/cake/libs/model/datasources/dbo/dbo_mysql.php, line 561]
2011-09-30 20:09:34 Warning: Warning (2): mysql_query(): supplied argument is not a valid MySQL-Link resource in [/var/www/cake/cake/libs/model/datasources/dbo/dbo_mysql.php, line 613]
2011-09-30 20:09:34 Warning: Warning (2): Cannot modify header information - headers already sent by (output started at /var/www/cake/cake/libs/debugger.php:683) in [/var/www/cake/cake/libs/controller/controller.php, line 742]
2011-09-30 20:10:31 Warning: Warning (2): mysql_connect() [<a href='http://php.net/function.mysql-connect'>function.mysql-connect</a>]: Can't connect to local MySQL server through socket '/var/run/mysqld/mysqld.sock' (2) in [/var/www/cake/cake/libs/model/datasources/dbo/dbo_mysql.php, line 561]
2011-09-30 20:10:31 Warning: Warning (2): mysql_query(): supplied argument is not a valid MySQL-Link resource in [/var/www/cake/cake/libs/model/datasources/dbo/dbo_mysql.php, line 613]
2011-09-30 20:10:32 Warning: Warning (2): Cannot modify header information - headers already sent by (output started at /var/www/cake/cake/libs/debugger.php:683) in [/var/www/cake/cake/libs/controller/controller.php, line 742]
2011-09-30 20:10:40 Warning: Warning (2): mysql_connect() [<a href='http://php.net/function.mysql-connect'>function.mysql-connect</a>]: Can't connect to local MySQL server through socket '/var/run/mysqld/mysqld.sock' (2) in [/var/www/cake/cake/libs/model/datasources/dbo/dbo_mysql.php, line 561]
2011-09-30 20:10:40 Warning: Warning (2): mysql_query(): supplied argument is not a valid MySQL-Link resource in [/var/www/cake/cake/libs/model/datasources/dbo/dbo_mysql.php, line 613]
2011-09-30 20:10:40 Warning: Warning (2): Cannot modify header information - headers already sent by (output started at /var/www/cake/cake/libs/debugger.php:683) in [/var/www/cake/cake/libs/controller/controller.php, line 742]
2011-10-03 21:20:36 Warning: Warning (2): mysql_connect() [http://php.net/function.mysql-connect]: Access denied for user 'cakeuser'@'localhost' (using password: YES) in [/var/www/cake/cake/libs/model/datasources/dbo/dbo_mysql.php, line 561]
2011-10-03 21:20:36 Warning: Warning (2): mysql_query() expects parameter 2 to be resource, boolean given in [/var/www/cake/cake/libs/model/datasources/dbo/dbo_mysql.php, line 613]
2011-10-03 21:23:32 Warning: Warning (2): mysql_connect() [http://php.net/function.mysql-connect]: Access denied for user 'cakeuser'@'localhost' (using password: YES) in [/var/www/cake/cake/libs/model/datasources/dbo/dbo_mysql.php, line 561]
2011-10-03 21:23:32 Warning: Warning (2): mysql_query() expects parameter 2 to be resource, boolean given in [/var/www/cake/cake/libs/model/datasources/dbo/dbo_mysql.php, line 613]
2011-10-03 21:23:34 Warning: Warning (2): mysql_connect() [http://php.net/function.mysql-connect]: Access denied for user 'cakeuser'@'localhost' (using password: YES) in [/var/www/cake/cake/libs/model/datasources/dbo/dbo_mysql.php, line 561]
2011-10-03 21:23:34 Warning: Warning (2): mysql_query() expects parameter 2 to be resource, boolean given in [/var/www/cake/cake/libs/model/datasources/dbo/dbo_mysql.php, line 613]
2011-10-03 21:30:36 Warning: Warning (2): sqlite_open() [http://php.net/function.sqlite-open]: unable to open database: /var/www/cake/app/feniksdb.sqlite in [/var/www/cake/cake/libs/model/datasources/dbo/dbo_sqlite.php, line 130]
2011-10-03 21:30:36 Warning: Warning (2): sqlite_query() expects parameter 1 to be resource, string given in [/var/www/cake/cake/libs/model/datasources/dbo/dbo_sqlite.php, line 168]
2011-10-03 21:30:36 Warning: Warning (2): sqlite_last_error() expects parameter 1 to be resource, boolean given in [/var/www/cake/cake/libs/model/datasources/dbo/dbo_sqlite.php, line 328]
2011-10-03 21:30:36 Warning: Warning (2): Cannot modify header information - headers already sent by (output started at /var/www/cake/cake/libs/debugger.php:683) in [/var/www/cake/cake/libs/controller/controller.php, line 742]
2011-11-23 15:07:58 Warning: Warning (2): mysql_connect() [http://php.net/function.mysql-connect]: Access denied for user 'cakeuser'@'localhost' (using password: YES) in [/var/www/adam/cake/cake/libs/model/datasources/dbo/dbo_mysql.php, line 561]
2011-11-23 15:07:58 Warning: Warning (2): mysql_query() expects parameter 2 to be resource, boolean given in [/var/www/adam/cake/cake/libs/model/datasources/dbo/dbo_mysql.php, line 613]
2011-11-23 16:35:13 Warning: Warning (2): mysql_connect() [http://php.net/function.mysql-connect]: Access denied for user 'cakeuser'@'localhost' (using password: YES) in [/var/www/adam/feniks/cake/libs/model/datasources/dbo/dbo_mysql.php, line 561]
2011-11-23 16:35:13 Warning: Warning (2): mysql_query() expects parameter 2 to be resource, boolean given in [/var/www/adam/feniks/cake/libs/model/datasources/dbo/dbo_mysql.php, line 613]
2011-11-23 16:37:06 Warning: Warning (2): mysql_connect() [http://php.net/function.mysql-connect]: Access denied for user 'blablator'@'localhost' (using password: YES) in [/var/www/adam/feniks/cake/libs/model/datasources/dbo/dbo_mysql.php, line 561]
2011-11-23 16:37:06 Warning: Warning (2): mysql_query() expects parameter 2 to be resource, boolean given in [/var/www/adam/feniks/cake/libs/model/datasources/dbo/dbo_mysql.php, line 613]
2011-11-23 16:37:08 Warning: Warning (2): mysql_connect() [http://php.net/function.mysql-connect]: Access denied for user 'blablator'@'localhost' (using password: YES) in [/var/www/adam/feniks/cake/libs/model/datasources/dbo/dbo_mysql.php, line 561]
2011-11-23 16:37:08 Warning: Warning (2): mysql_query() expects parameter 2 to be resource, boolean given in [/var/www/adam/feniks/cake/libs/model/datasources/dbo/dbo_mysql.php, line 613]
2011-11-23 16:38:32 Warning: Warning (2): mysql_connect() [http://php.net/function.mysql-connect]: Access denied for user 'blablator'@'localhost' (using password: YES) in [/var/www/adam/feniks/cake/libs/model/datasources/dbo/dbo_mysql.php, line 561]
2011-11-23 16:38:32 Warning: Warning (2): mysql_query() expects parameter 2 to be resource, boolean given in [/var/www/adam/feniks/cake/libs/model/datasources/dbo/dbo_mysql.php, line 613]
2011-11-23 16:38:34 Warning: Warning (2): mysql_connect() [http://php.net/function.mysql-connect]: Access denied for user 'blablator'@'localhost' (using password: YES) in [/var/www/adam/feniks/cake/libs/model/datasources/dbo/dbo_mysql.php, line 561]
2011-11-23 16:38:34 Warning: Warning (2): mysql_query() expects parameter 2 to be resource, boolean given in [/var/www/adam/feniks/cake/libs/model/datasources/dbo/dbo_mysql.php, line 613]
2011-11-23 16:38:35 Warning: Warning (2): mysql_connect() [http://php.net/function.mysql-connect]: Access denied for user 'blablator'@'localhost' (using password: YES) in [/var/www/adam/feniks/cake/libs/model/datasources/dbo/dbo_mysql.php, line 561]
2011-11-23 16:38:35 Warning: Warning (2): mysql_query() expects parameter 2 to be resource, boolean given in [/var/www/adam/feniks/cake/libs/model/datasources/dbo/dbo_mysql.php, line 613]
2011-11-23 16:39:07 Warning: Warning (2): mysql_connect() [http://php.net/function.mysql-connect]: Access denied for user 'blablator'@'localhost' (using password: YES) in [/var/www/adam/feniks/cake/libs/model/datasources/dbo/dbo_mysql.php, line 561]
2011-11-23 16:39:07 Warning: Warning (2): mysql_query() expects parameter 2 to be resource, boolean given in [/var/www/adam/feniks/cake/libs/model/datasources/dbo/dbo_mysql.php, line 613]
2011-11-23 16:39:07 Warning: Warning (2): mysql_connect() [http://php.net/function.mysql-connect]: Access denied for user 'blablator'@'localhost' (using password: YES) in [/var/www/adam/feniks/cake/libs/model/datasources/dbo/dbo_mysql.php, line 561]
2011-11-23 16:39:07 Warning: Warning (2): mysql_query() expects parameter 2 to be resource, boolean given in [/var/www/adam/feniks/cake/libs/model/datasources/dbo/dbo_mysql.php, line 613]
2011-11-23 16:39:08 Warning: Warning (2): mysql_connect() [http://php.net/function.mysql-connect]: Access denied for user 'blablator'@'localhost' (using password: YES) in [/var/www/adam/feniks/cake/libs/model/datasources/dbo/dbo_mysql.php, line 561]
2011-11-23 16:39:08 Warning: Warning (2): mysql_query() expects parameter 2 to be resource, boolean given in [/var/www/adam/feniks/cake/libs/model/datasources/dbo/dbo_mysql.php, line 613]
2011-11-23 16:39:09 Warning: Warning (2): mysql_connect() [http://php.net/function.mysql-connect]: Access denied for user 'blablator'@'localhost' (using password: YES) in [/var/www/adam/feniks/cake/libs/model/datasources/dbo/dbo_mysql.php, line 561]
2011-11-23 16:39:09 Warning: Warning (2): mysql_query() expects parameter 2 to be resource, boolean given in [/var/www/adam/feniks/cake/libs/model/datasources/dbo/dbo_mysql.php, line 613]
2011-11-23 16:39:09 Warning: Warning (2): mysql_connect() [http://php.net/function.mysql-connect]: Access denied for user 'blablator'@'localhost' (using password: YES) in [/var/www/adam/feniks/cake/libs/model/datasources/dbo/dbo_mysql.php, line 561]
2011-11-23 16:39:09 Warning: Warning (2): mysql_query() expects parameter 2 to be resource, boolean given in [/var/www/adam/feniks/cake/libs/model/datasources/dbo/dbo_mysql.php, line 613]
2011-11-23 16:39:12 Warning: Warning (2): mysql_connect() [http://php.net/function.mysql-connect]: Access denied for user 'blablator'@'localhost' (using password: YES) in [/var/www/adam/feniks/cake/libs/model/datasources/dbo/dbo_mysql.php, line 561]
2011-11-23 16:39:12 Warning: Warning (2): mysql_query() expects parameter 2 to be resource, boolean given in [/var/www/adam/feniks/cake/libs/model/datasources/dbo/dbo_mysql.php, line 613]
2011-12-02 19:54:14 Warning: Warning (512): Method FormHelper::labelTag does not exist in [/var/www/adam/feniks/cake/libs/view/helper.php, line 154]
2011-12-02 19:54:14 Warning: Warning (512): Method HtmlHelper::file does not exist in [/var/www/adam/feniks/cake/libs/view/helper.php, line 154]
2011-12-02 19:56:09 Warning: Warning (512): Method FormHelper::labelTag does not exist in [/var/www/adam/feniks/cake/libs/view/helper.php, line 154]
2011-12-02 19:56:09 Warning: Warning (512): Method HtmlHelper::file does not exist in [/var/www/adam/feniks/cake/libs/view/helper.php, line 154]
2011-12-02 20:01:39 Warning: Warning (512): Method FormHelper::labelTag does not exist in [/var/www/adam/feniks/cake/libs/view/helper.php, line 154]
2011-12-02 20:01:39 Warning: Warning (512): Method HtmlHelper::file does not exist in [/var/www/adam/feniks/cake/libs/view/helper.php, line 154]
2011-12-02 20:03:12 Warning: Warning (512): Method FormHelper::labelTag does not exist in [/var/www/adam/feniks/cake/libs/view/helper.php, line 154]
2011-12-02 20:03:14 Warning: Warning (512): Method FormHelper::labelTag does not exist in [/var/www/adam/feniks/cake/libs/view/helper.php, line 154]
2011-12-02 20:03:18 Warning: Warning (512): Method FormHelper::labelTag does not exist in [/var/www/adam/feniks/cake/libs/view/helper.php, line 154]
2011-12-02 20:03:35 Warning: Warning (512): Method FormHelper::form does not exist in [/var/www/adam/feniks/cake/libs/view/helper.php, line 154]
2011-12-02 20:03:35 Warning: Warning (512): Method FormHelper::form does not exist in [/var/www/adam/feniks/cake/libs/view/helper.php, line 154]
2011-12-02 20:04:42 Warning: Warning (512): Method FormHelper::form does not exist in [/var/www/adam/feniks/cake/libs/view/helper.php, line 154]
2011-12-02 20:05:05 Warning: Warning (512): Method FormHelper::form does not exist in [/var/www/adam/feniks/cake/libs/view/helper.php, line 154]
2011-12-03 12:18:36 Warning: Warning (2): file() [http://php.net/function.file]: Filename cannot be empty in [/var/www/adam/feniks/app/controllers/users_controller.php, line 182]
2011-12-03 12:18:36 Warning: Warning (2): implode() [http://php.net/function.implode]: Argument must be an array in [/var/www/adam/feniks/app/controllers/users_controller.php, line 183]
